<?xml version="1.0" encoding="UTF-8"?>
<!-- Generated by org.testng.reporters.JUnitXMLReporter -->
<testsuite ignored="4" hostname="DESKTOP-2V6V6GU" failures="0" tests="8" name="Test3" time="151.822" errors="0" timestamp="2025-04-04T10:37:06 IST">
  <testcase classname="ecommerce.mecys.genericutility.basetest.BaseClass" name="@BeforeClass configBC" time="134.627">
    <failure type="java.io.FileNotFoundException" message="D:\Selenium_Workspace\fashion\src\main\resources\commandata.properties (The system cannot find the path specified)">
      <![CDATA[java.io.FileNotFoundException: D:\Selenium_Workspace\fashion\src\main\resources\commandata.properties (The system cannot find the path specified)
at java.base/java.io.FileInputStream.open0(Native Method)
at java.base/java.io.FileInputStream.open(FileInputStream.java:213)
at java.base/java.io.FileInputStream.<init>(FileInputStream.java:152)
at java.base/java.io.FileInputStream.<init>(FileInputStream.java:106)
at ecommerce.mecys.genericutility.fileutility.FileUtility.getDataFromPropertiesFile(FileUtility.java:9)
at ecommerce.mecys.genericutility.basetest.BaseClass.configBC(BaseClass.java:63)
at java.base/java.util.ArrayList.forEach(ArrayList.java:1596)
at java.base/java.util.concurrent.FutureTask.run(FutureTask.java:317)
at java.base/java.util.concurrent.ThreadPoolExecutor.runWorker(ThreadPoolExecutor.java:1144)
at java.base/java.util.concurrent.ThreadPoolExecutor$Worker.run(ThreadPoolExecutor.java:642)
at java.base/java.lang.Thread.run(Thread.java:1583)
... Removed 14 stack frames]]>
    </failure>
  </testcase> <!-- @BeforeClass configBC -->
  <testcase classname="ecommerce.mecys.genericutility.basetest.BaseClass" name="@BeforeMethod configBM" time="-1.743743209007E9">
    <skipped/>
  </testcase> <!-- @BeforeMethod configBM -->
  <testcase classname="ecommerce.mecys.genericutility.basetest.BaseClass" name="@AfterMethod configAM" time="-1.743743209013E9">
    <skipped/>
  </testcase> <!-- @AfterMethod configAM -->
  <testcase classname="ecommerce.mecys.genericutility.basetest.BaseClass" name="@BeforeMethod configBM" time="-1.743743209016E9">
    <skipped/>
  </testcase> <!-- @BeforeMethod configBM -->
  <testcase classname="ecommerce.mecys.genericutility.basetest.BaseClass" name="@AfterMethod configAM" time="-1.743743209024E9">
    <skipped/>
  </testcase> <!-- @AfterMethod configAM -->
  <testcase classname="ecommerce.mecys.genericutility.basetest.BaseClass" name="@AfterClass configAC" time="-1.743743209026E9">
    <skipped/>
  </testcase> <!-- @AfterClass configAC -->
  <testcase classname="ecommerce.mecys.genericutility.basetest.BaseClass" name="@BeforeClass configBC" time="7.475">
    <failure type="java.io.FileNotFoundException" message="D:\Selenium_Workspace\fashion\src\main\resources\commandata.properties (The system cannot find the path specified)">
      <![CDATA[java.io.FileNotFoundException: D:\Selenium_Workspace\fashion\src\main\resources\commandata.properties (The system cannot find the path specified)
at java.base/java.io.FileInputStream.open0(Native Method)
at java.base/java.io.FileInputStream.open(FileInputStream.java:213)
at java.base/java.io.FileInputStream.<init>(FileInputStream.java:152)
at java.base/java.io.FileInputStream.<init>(FileInputStream.java:106)
at ecommerce.mecys.genericutility.fileutility.FileUtility.getDataFromPropertiesFile(FileUtility.java:9)
at ecommerce.mecys.genericutility.basetest.BaseClass.configBC(BaseClass.java:63)
at java.base/java.util.ArrayList.forEach(ArrayList.java:1596)
at java.base/java.util.concurrent.FutureTask.run(FutureTask.java:317)
at java.base/java.util.concurrent.ThreadPoolExecutor.runWorker(ThreadPoolExecutor.java:1144)
at java.base/java.util.concurrent.ThreadPoolExecutor$Worker.run(ThreadPoolExecutor.java:642)
at java.base/java.lang.Thread.run(Thread.java:1583)
... Removed 14 stack frames]]>
    </failure>
  </testcase> <!-- @BeforeClass configBC -->
  <testcase classname="ecommerce.mecys.genericutility.basetest.BaseClass" name="@BeforeMethod configBM" time="-1.74374321651E9">
    <skipped/>
  </testcase> <!-- @BeforeMethod configBM -->
  <testcase classname="ecommerce.mecys.genericutility.basetest.BaseClass" name="@AfterMethod configAM" time="-1.743743216518E9">
    <skipped/>
  </testcase> <!-- @AfterMethod configAM -->
  <testcase classname="ecommerce.mecys.genericutility.basetest.BaseClass" name="@BeforeMethod configBM" time="-1.743743216522E9">
    <skipped/>
  </testcase> <!-- @BeforeMethod configBM -->
  <testcase classname="ecommerce.mecys.genericutility.basetest.BaseClass" name="@AfterMethod configAM" time="-1.743743216533E9">
    <skipped/>
  </testcase> <!-- @AfterMethod configAM -->
  <testcase classname="ecommerce.mecys.genericutility.basetest.BaseClass" name="@BeforeMethod configBM" time="-1.743743216546E9">
    <skipped/>
  </testcase> <!-- @BeforeMethod configBM -->
  <testcase classname="ecommerce.mecys.genericutility.basetest.BaseClass" name="@AfterMethod configAM" time="-1.743743216552E9">
    <skipped/>
  </testcase> <!-- @AfterMethod configAM -->
  <testcase classname="ecommerce.mecys.genericutility.basetest.BaseClass" name="@BeforeMethod configBM" time="-1.743743216555E9">
    <skipped/>
  </testcase> <!-- @BeforeMethod configBM -->
  <testcase classname="ecommerce.mecys.genericutility.basetest.BaseClass" name="@AfterMethod configAM" time="-1.74374321656E9">
    <skipped/>
  </testcase> <!-- @AfterMethod configAM -->
  <testcase classname="ecommerce.mecys.genericutility.basetest.BaseClass" name="@AfterClass configAC" time="-1.743743216563E9">
    <skipped/>
  </testcase> <!-- @AfterClass configAC -->
  <testcase classname="ecommerce.mecys.genericutility.basetest.BaseClass" name="@BeforeClass configBC" time="9.582">
    <failure type="org.openqa.selenium.SessionNotCreatedException" message="Could not start a new session. Response code 500. Message: Failed to decode response from marionette 
Host info: host: &amp;apos;DESKTOP-2V6V6GU&amp;apos;, ip: &amp;apos;10.10.21.1&amp;apos;
Build info: version: &amp;apos;4.30.0&amp;apos;, revision: &amp;apos;509c7f17cc*&amp;apos;
System info: os.name: &amp;apos;Windows 11&amp;apos;, os.arch: &amp;apos;amd64&amp;apos;, os.version: &amp;apos;10.0&amp;apos;, java.version: &amp;apos;21.0.5&amp;apos;
Driver info: org.openqa.selenium.firefox.FirefoxDriver
Command: [null, newSession {capabilities=[Capabilities {acceptInsecureCerts: true, browserName: firefox, moz:firefoxOptions: {binary: C:\Users\Siddesh\.cache\sel..., prefs: {remote.active-protocols: 3}}}]}]">
      <![CDATA[org.openqa.selenium.SessionNotCreatedException: Could not start a new session. Response code 500. Message: Failed to decode response from marionette 
Host info: host: 'DESKTOP-2V6V6GU', ip: '10.10.21.1'
Build info: version: '4.30.0', revision: '509c7f17cc*'
System info: os.name: 'Windows 11', os.arch: 'amd64', os.version: '10.0', java.version: '21.0.5'
Driver info: org.openqa.selenium.firefox.FirefoxDriver
Command: [null, newSession {capabilities=[Capabilities {acceptInsecureCerts: true, browserName: firefox, moz:firefoxOptions: {binary: C:\Users\Siddesh\.cache\sel..., prefs: {remote.active-protocols: 3}}}]}]
at org.openqa.selenium.remote.ProtocolHandshake.createSession(ProtocolHandshake.java:114)
at org.openqa.selenium.remote.ProtocolHandshake.createSession(ProtocolHandshake.java:75)
at org.openqa.selenium.remote.ProtocolHandshake.createSession(ProtocolHandshake.java:61)
at org.openqa.selenium.remote.HttpCommandExecutor.execute(HttpCommandExecutor.java:187)
at org.openqa.selenium.remote.service.DriverCommandExecutor.invokeExecute(DriverCommandExecutor.java:216)
at org.openqa.selenium.remote.service.DriverCommandExecutor.execute(DriverCommandExecutor.java:174)
at org.openqa.selenium.remote.RemoteWebDriver.execute(RemoteWebDriver.java:545)
at org.openqa.selenium.remote.RemoteWebDriver.startSession(RemoteWebDriver.java:245)
at org.openqa.selenium.remote.RemoteWebDriver.<init>(RemoteWebDriver.java:174)
at org.openqa.selenium.firefox.FirefoxDriver.<init>(FirefoxDriver.java:142)
at org.openqa.selenium.firefox.FirefoxDriver.<init>(FirefoxDriver.java:137)
at org.openqa.selenium.firefox.FirefoxDriver.<init>(FirefoxDriver.java:119)
at org.openqa.selenium.firefox.FirefoxDriver.<init>(FirefoxDriver.java:114)
at org.openqa.selenium.firefox.FirefoxDriver.<init>(FirefoxDriver.java:99)
at org.openqa.selenium.firefox.FirefoxDriver.<init>(FirefoxDriver.java:89)
at ecommerce.mecys.genericutility.basetest.BaseClass.configBC(BaseClass.java:56)
at java.base/java.util.ArrayList.forEach(ArrayList.java:1596)
at java.base/java.util.concurrent.FutureTask.run(FutureTask.java:317)
at java.base/java.util.concurrent.ThreadPoolExecutor.runWorker(ThreadPoolExecutor.java:1144)
at java.base/java.util.concurrent.ThreadPoolExecutor$Worker.run(ThreadPoolExecutor.java:642)
at java.base/java.lang.Thread.run(Thread.java:1583)
... Removed 14 stack frames]]>
    </failure>
  </testcase> <!-- @BeforeClass configBC -->
  <testcase classname="ecommerce.mecys.genericutility.basetest.BaseClass" name="@BeforeMethod configBM" time="-1.743743226157E9">
    <skipped/>
  </testcase> <!-- @BeforeMethod configBM -->
  <testcase classname="ecommerce.mecys.genericutility.basetest.BaseClass" name="@AfterMethod configAM" time="-1.743743226165E9">
    <skipped/>
  </testcase> <!-- @AfterMethod configAM -->
  <testcase classname="ecommerce.mecys.genericutility.basetest.BaseClass" name="@BeforeMethod configBM" time="-1.743743226168E9">
    <skipped/>
  </testcase> <!-- @BeforeMethod configBM -->
  <testcase classname="ecommerce.mecys.genericutility.basetest.BaseClass" name="@AfterMethod configAM" time="-1.743743226177E9">
    <skipped/>
  </testcase> <!-- @AfterMethod configAM -->
  <testcase classname="ecommerce.mecys.genericutility.basetest.BaseClass" name="@AfterClass configAC" time="-1.743743226181E9">
    <skipped/>
  </testcase> <!-- @AfterClass configAC -->
  <testcase classname="ecommerce.mecys.automation.integrationtest.EcommerceIntegrationTest" name="cartItemFlowToCheckoutTest" time="0.0">
    <skipped/>
  </testcase> <!-- cartItemFlowToCheckoutTest -->
  <testcase classname="ecommerce.mecys.automation.integrationtest.EcommerceIntegrationTest" name="searchAndVerifyProductPageTest" time="0.0">
    <skipped/>
  </testcase> <!-- searchAndVerifyProductPageTest -->
  <testcase classname="ecommerce.mecys.automation.endtoend.EcommerceEndToEndTest" name="endToEndShippingAndBillingAddressTest" time="0.0">
    <skipped/>
  </testcase> <!-- endToEndShippingAndBillingAddressTest -->
  <testcase classname="ecommerce.mecys.automation.endtoend.EcommerceEndToEndTest" name="endToEndShoppingFlowTest" time="0.0">
    <skipped/>
  </testcase> <!-- endToEndShoppingFlowTest -->
  <testcase classname="ecommerce.mecys.automation.endtoend.EcommerceEndToEndTest" name="endToEndShoppingMultipleProductsFlowTest" time="0.0">
    <skipped/>
  </testcase> <!-- endToEndShoppingMultipleProductsFlowTest -->
  <testcase classname="ecommerce.mecys.automation.endtoend.EcommerceEndToEndTest" name="endToEndUpdateQuantityTest" time="0.0">
    <skipped/>
  </testcase> <!-- endToEndUpdateQuantityTest -->
  <testcase classname="ecommerce.mecys.automation.smoketest.EcommerceSmokeTest" name="verifyHomepageLoadTest" time="0.0">
    <skipped/>
  </testcase> <!-- verifyHomepageLoadTest -->
  <testcase classname="ecommerce.mecys.automation.smoketest.EcommerceSmokeTest" name="verifyLoginFunctionalityTest" time="0.0">
    <skipped/>
  </testcase> <!-- verifyLoginFunctionalityTest -->
  <testcase classname="ecommerce.mecys.genericutility.basetest.BaseClass" name="@AfterSuite configAS" time="0.0">
    <ignored/>
  </testcase> <!-- @AfterSuite configAS -->
  <testcase classname="ecommerce.mecys.genericutility.basetest.BaseClass" name="@AfterSuite configAS" time="0.0">
    <ignored/>
  </testcase> <!-- @AfterSuite configAS -->
  <testcase classname="ecommerce.mecys.genericutility.basetest.BaseClass" name="@BeforeSuite configBS" time="0.0">
    <ignored/>
  </testcase> <!-- @BeforeSuite configBS -->
  <testcase classname="ecommerce.mecys.genericutility.basetest.BaseClass" name="@BeforeSuite configBS" time="0.0">
    <ignored/>
  </testcase> <!-- @BeforeSuite configBS -->
</testsuite> <!-- Test3 -->
