<html>
<head>
<title>TestNG:  Test1</title>
<link href="../testng.css" rel="stylesheet" type="text/css" />
<link href="../my-testng.css" rel="stylesheet" type="text/css" />

<style type="text/css">
.log { display: none;} 
.stack-trace { display: none;} 
</style>
<script type="text/javascript">
<!--
function flip(e) {
  current = e.style.display;
  if (current == 'block') {
    e.style.display = 'none';
    return 0;
  }
  else {
    e.style.display = 'block';
    return 1;
  }
}

function toggleBox(szDivId, elem, msg1, msg2)
{
  var res = -1;  if (document.getElementById) {
    res = flip(document.getElementById(szDivId));
  }
  else if (document.all) {
    // this is the way old msie versions work
    res = flip(document.all[szDivId]);
  }
  if(elem) {
    if(res == 0) elem.innerHTML = msg1; else elem.innerHTML = msg2;
  }

}

function toggleAllBoxes() {
  if (document.getElementsByTagName) {
    d = document.getElementsByTagName('div');
    for (i = 0; i < d.length; i++) {
      if (d[i].className == 'log') {
        flip(d[i]);
      }
    }
  }
}

// -->
</script>

</head>
<body>
<h2 align='center'>Test1</h2><table border='1' align="center">
<tr>
<td>Tests passed/Failed/Skipped:</td><td>0/0/8</td>
</tr><tr>
<td>Started on:</td><td>Fri Apr 04 10:35:35 IST 2025</td>
</tr>
<tr><td>Total time:</td><td>10 seconds (10580 ms)</td>
</tr><tr>
<td>Included groups:</td><td></td>
</tr><tr>
<td>Excluded groups:</td><td></td>
</tr>
</table><p/>
<small><i>(Hover the method name to see the test class name)</i></small><p/>
<table width='100%' border='1' class='invocation-failed'>
<tr><td colspan='4' align='center'><b>FAILED CONFIGURATIONS</b></td></tr>
<tr><td><b>Test method</b></td>
<td width="30%"><b>Exception</b></td>
<td width="10%"><b>Time (seconds)</b></td>
<td><b>Instance</b></td>
</tr>
<tr>
<td title='ecommerce.mecys.automation.endtoend.EcommerceEndToEndTest.configBC()'><b>configBC</b><br>Test class: ecommerce.mecys.automation.endtoend.EcommerceEndToEndTest<br>Parameters: Edge</td>
<td><div><pre>java.io.FileNotFoundException: D:\Selenium_Workspace\fashion\src\main\resources\commandata.properties (The system cannot find the path specified)
	at java.base/java.io.FileInputStream.open0(Native Method)
	at java.base/java.io.FileInputStream.open(FileInputStream.java:213)
	at java.base/java.io.FileInputStream.&lt;init&gt;(FileInputStream.java:152)
	at java.base/java.io.FileInputStream.&lt;init&gt;(FileInputStream.java:106)
	at ecommerce.mecys.genericutility.fileutility.FileUtility.getDataFromPropertiesFile(FileUtility.java:9)
	at ecommerce.mecys.genericutility.basetest.BaseClass.configBC(BaseClass.java:63)
	at java.base/java.util.ArrayList.forEach(ArrayList.java:1596)
	at java.base/java.util.concurrent.FutureTask.run(FutureTask.java:317)
	at java.base/java.util.concurrent.ThreadPoolExecutor.runWorker(ThreadPoolExecutor.java:1144)
	at java.base/java.util.concurrent.ThreadPoolExecutor$Worker.run(ThreadPoolExecutor.java:642)
	at java.base/java.lang.Thread.run(Thread.java:1583)
... Removed 14 stack frames</pre></div><a href='#' onClick='toggleBox("stack-trace917326222", this, "Click to show all stack frames", "Click to hide stack frames")'>Click to show all stack frames</a>
<div class='stack-trace' id='stack-trace917326222'><pre>java.io.FileNotFoundException: D:\Selenium_Workspace\fashion\src\main\resources\commandata.properties (The system cannot find the path specified)
	at java.base/java.io.FileInputStream.open0(Native Method)
	at java.base/java.io.FileInputStream.open(FileInputStream.java:213)
	at java.base/java.io.FileInputStream.&lt;init&gt;(FileInputStream.java:152)
	at java.base/java.io.FileInputStream.&lt;init&gt;(FileInputStream.java:106)
	at ecommerce.mecys.genericutility.fileutility.FileUtility.getDataFromPropertiesFile(FileUtility.java:9)
	at ecommerce.mecys.genericutility.basetest.BaseClass.configBC(BaseClass.java:63)
	at java.base/jdk.internal.reflect.DirectMethodHandleAccessor.invoke(DirectMethodHandleAccessor.java:103)
	at java.base/java.lang.reflect.Method.invoke(Method.java:580)
	at org.testng.internal.MethodInvocationHelper.invokeMethod(MethodInvocationHelper.java:133)
	at org.testng.internal.MethodInvocationHelper.invokeMethodConsideringTimeout(MethodInvocationHelper.java:62)
	at org.testng.internal.ConfigInvoker.invokeConfigurationMethod(ConfigInvoker.java:385)
	at org.testng.internal.ConfigInvoker.invokeConfigurations(ConfigInvoker.java:321)
	at org.testng.internal.TestMethodWorker.invokeBeforeClassMethods(TestMethodWorker.java:176)
	at org.testng.internal.TestMethodWorker.run(TestMethodWorker.java:122)
	at java.base/java.util.ArrayList.forEach(ArrayList.java:1596)
	at org.testng.TestRunner.privateRun(TestRunner.java:794)
	at org.testng.TestRunner.run(TestRunner.java:596)
	at org.testng.SuiteRunner.runTest(SuiteRunner.java:377)
	at org.testng.SuiteRunner.access$000(SuiteRunner.java:28)
	at org.testng.SuiteRunner$SuiteWorker.run(SuiteRunner.java:418)
	at org.testng.internal.thread.ThreadUtil.lambda$execute$0(ThreadUtil.java:64)
	at java.base/java.util.concurrent.FutureTask.run(FutureTask.java:317)
	at java.base/java.util.concurrent.ThreadPoolExecutor.runWorker(ThreadPoolExecutor.java:1144)
	at java.base/java.util.concurrent.ThreadPoolExecutor$Worker.run(ThreadPoolExecutor.java:642)
	at java.base/java.lang.Thread.run(Thread.java:1583)
</pre></div></td>
<td>3</td>
<td>ecommerce.mecys.automation.endtoend.EcommerceEndToEndTest@57a3af25</td></tr>
<tr>
<td title='ecommerce.mecys.automation.smoketest.EcommerceSmokeTest.configBC()'><b>configBC</b><br>Test class: ecommerce.mecys.automation.smoketest.EcommerceSmokeTest<br>Parameters: Edge</td>
<td><div><pre>java.io.FileNotFoundException: D:\Selenium_Workspace\fashion\src\main\resources\commandata.properties (The system cannot find the path specified)
	at java.base/java.io.FileInputStream.open0(Native Method)
	at java.base/java.io.FileInputStream.open(FileInputStream.java:213)
	at java.base/java.io.FileInputStream.&lt;init&gt;(FileInputStream.java:152)
	at java.base/java.io.FileInputStream.&lt;init&gt;(FileInputStream.java:106)
	at ecommerce.mecys.genericutility.fileutility.FileUtility.getDataFromPropertiesFile(FileUtility.java:9)
	at ecommerce.mecys.genericutility.basetest.BaseClass.configBC(BaseClass.java:63)
	at java.base/java.util.ArrayList.forEach(ArrayList.java:1596)
	at java.base/java.util.concurrent.FutureTask.run(FutureTask.java:317)
	at java.base/java.util.concurrent.ThreadPoolExecutor.runWorker(ThreadPoolExecutor.java:1144)
	at java.base/java.util.concurrent.ThreadPoolExecutor$Worker.run(ThreadPoolExecutor.java:642)
	at java.base/java.lang.Thread.run(Thread.java:1583)
... Removed 14 stack frames</pre></div><a href='#' onClick='toggleBox("stack-trace809267961", this, "Click to show all stack frames", "Click to hide stack frames")'>Click to show all stack frames</a>
<div class='stack-trace' id='stack-trace809267961'><pre>java.io.FileNotFoundException: D:\Selenium_Workspace\fashion\src\main\resources\commandata.properties (The system cannot find the path specified)
	at java.base/java.io.FileInputStream.open0(Native Method)
	at java.base/java.io.FileInputStream.open(FileInputStream.java:213)
	at java.base/java.io.FileInputStream.&lt;init&gt;(FileInputStream.java:152)
	at java.base/java.io.FileInputStream.&lt;init&gt;(FileInputStream.java:106)
	at ecommerce.mecys.genericutility.fileutility.FileUtility.getDataFromPropertiesFile(FileUtility.java:9)
	at ecommerce.mecys.genericutility.basetest.BaseClass.configBC(BaseClass.java:63)
	at java.base/jdk.internal.reflect.DirectMethodHandleAccessor.invoke(DirectMethodHandleAccessor.java:103)
	at java.base/java.lang.reflect.Method.invoke(Method.java:580)
	at org.testng.internal.MethodInvocationHelper.invokeMethod(MethodInvocationHelper.java:133)
	at org.testng.internal.MethodInvocationHelper.invokeMethodConsideringTimeout(MethodInvocationHelper.java:62)
	at org.testng.internal.ConfigInvoker.invokeConfigurationMethod(ConfigInvoker.java:385)
	at org.testng.internal.ConfigInvoker.invokeConfigurations(ConfigInvoker.java:321)
	at org.testng.internal.TestMethodWorker.invokeBeforeClassMethods(TestMethodWorker.java:176)
	at org.testng.internal.TestMethodWorker.run(TestMethodWorker.java:122)
	at java.base/java.util.ArrayList.forEach(ArrayList.java:1596)
	at org.testng.TestRunner.privateRun(TestRunner.java:794)
	at org.testng.TestRunner.run(TestRunner.java:596)
	at org.testng.SuiteRunner.runTest(SuiteRunner.java:377)
	at org.testng.SuiteRunner.access$000(SuiteRunner.java:28)
	at org.testng.SuiteRunner$SuiteWorker.run(SuiteRunner.java:418)
	at org.testng.internal.thread.ThreadUtil.lambda$execute$0(ThreadUtil.java:64)
	at java.base/java.util.concurrent.FutureTask.run(FutureTask.java:317)
	at java.base/java.util.concurrent.ThreadPoolExecutor.runWorker(ThreadPoolExecutor.java:1144)
	at java.base/java.util.concurrent.ThreadPoolExecutor$Worker.run(ThreadPoolExecutor.java:642)
	at java.base/java.lang.Thread.run(Thread.java:1583)
</pre></div></td>
<td>3</td>
<td>ecommerce.mecys.automation.smoketest.EcommerceSmokeTest@2b662a77</td></tr>
<tr>
<td title='ecommerce.mecys.automation.integrationtest.EcommerceIntegrationTest.configBC()'><b>configBC</b><br>Test class: ecommerce.mecys.automation.integrationtest.EcommerceIntegrationTest<br>Parameters: Edge</td>
<td><div><pre>java.io.FileNotFoundException: D:\Selenium_Workspace\fashion\src\main\resources\commandata.properties (The system cannot find the path specified)
	at java.base/java.io.FileInputStream.open0(Native Method)
	at java.base/java.io.FileInputStream.open(FileInputStream.java:213)
	at java.base/java.io.FileInputStream.&lt;init&gt;(FileInputStream.java:152)
	at java.base/java.io.FileInputStream.&lt;init&gt;(FileInputStream.java:106)
	at ecommerce.mecys.genericutility.fileutility.FileUtility.getDataFromPropertiesFile(FileUtility.java:9)
	at ecommerce.mecys.genericutility.basetest.BaseClass.configBC(BaseClass.java:63)
	at java.base/java.util.ArrayList.forEach(ArrayList.java:1596)
	at java.base/java.util.concurrent.FutureTask.run(FutureTask.java:317)
	at java.base/java.util.concurrent.ThreadPoolExecutor.runWorker(ThreadPoolExecutor.java:1144)
	at java.base/java.util.concurrent.ThreadPoolExecutor$Worker.run(ThreadPoolExecutor.java:642)
	at java.base/java.lang.Thread.run(Thread.java:1583)
... Removed 14 stack frames</pre></div><a href='#' onClick='toggleBox("stack-trace1421198904", this, "Click to show all stack frames", "Click to hide stack frames")'>Click to show all stack frames</a>
<div class='stack-trace' id='stack-trace1421198904'><pre>java.io.FileNotFoundException: D:\Selenium_Workspace\fashion\src\main\resources\commandata.properties (The system cannot find the path specified)
	at java.base/java.io.FileInputStream.open0(Native Method)
	at java.base/java.io.FileInputStream.open(FileInputStream.java:213)
	at java.base/java.io.FileInputStream.&lt;init&gt;(FileInputStream.java:152)
	at java.base/java.io.FileInputStream.&lt;init&gt;(FileInputStream.java:106)
	at ecommerce.mecys.genericutility.fileutility.FileUtility.getDataFromPropertiesFile(FileUtility.java:9)
	at ecommerce.mecys.genericutility.basetest.BaseClass.configBC(BaseClass.java:63)
	at java.base/jdk.internal.reflect.DirectMethodHandleAccessor.invoke(DirectMethodHandleAccessor.java:103)
	at java.base/java.lang.reflect.Method.invoke(Method.java:580)
	at org.testng.internal.MethodInvocationHelper.invokeMethod(MethodInvocationHelper.java:133)
	at org.testng.internal.MethodInvocationHelper.invokeMethodConsideringTimeout(MethodInvocationHelper.java:62)
	at org.testng.internal.ConfigInvoker.invokeConfigurationMethod(ConfigInvoker.java:385)
	at org.testng.internal.ConfigInvoker.invokeConfigurations(ConfigInvoker.java:321)
	at org.testng.internal.TestMethodWorker.invokeBeforeClassMethods(TestMethodWorker.java:176)
	at org.testng.internal.TestMethodWorker.run(TestMethodWorker.java:122)
	at java.base/java.util.ArrayList.forEach(ArrayList.java:1596)
	at org.testng.TestRunner.privateRun(TestRunner.java:794)
	at org.testng.TestRunner.run(TestRunner.java:596)
	at org.testng.SuiteRunner.runTest(SuiteRunner.java:377)
	at org.testng.SuiteRunner.access$000(SuiteRunner.java:28)
	at org.testng.SuiteRunner$SuiteWorker.run(SuiteRunner.java:418)
	at org.testng.internal.thread.ThreadUtil.lambda$execute$0(ThreadUtil.java:64)
	at java.base/java.util.concurrent.FutureTask.run(FutureTask.java:317)
	at java.base/java.util.concurrent.ThreadPoolExecutor.runWorker(ThreadPoolExecutor.java:1144)
	at java.base/java.util.concurrent.ThreadPoolExecutor$Worker.run(ThreadPoolExecutor.java:642)
	at java.base/java.lang.Thread.run(Thread.java:1583)
</pre></div></td>
<td>3</td>
<td>ecommerce.mecys.automation.integrationtest.EcommerceIntegrationTest@8f4ea7c</td></tr>
</table><p>
<table width='100%' border='1' class='invocation-skipped'>
<tr><td colspan='4' align='center'><b>SKIPPED CONFIGURATIONS</b></td></tr>
<tr><td><b>Test method</b></td>
<td width="30%"><b>Exception</b></td>
<td width="10%"><b>Time (seconds)</b></td>
<td><b>Instance</b></td>
</tr>
<tr>
<td title='ecommerce.mecys.automation.endtoend.EcommerceEndToEndTest.configAM()'><b>configAM</b><br>Test class: ecommerce.mecys.automation.endtoend.EcommerceEndToEndTest</td>
<td></td>
<td>-1743743143</td>
<td>ecommerce.mecys.automation.endtoend.EcommerceEndToEndTest@57a3af25</td></tr>
<tr>
<td title='ecommerce.mecys.automation.integrationtest.EcommerceIntegrationTest.configAM()'><b>configAM</b><br>Test class: ecommerce.mecys.automation.integrationtest.EcommerceIntegrationTest</td>
<td></td>
<td>-1743743139</td>
<td>ecommerce.mecys.automation.integrationtest.EcommerceIntegrationTest@8f4ea7c</td></tr>
<tr>
<td title='ecommerce.mecys.automation.endtoend.EcommerceEndToEndTest.configBM()'><b>configBM</b><br>Test class: ecommerce.mecys.automation.endtoend.EcommerceEndToEndTest</td>
<td></td>
<td>-1743743143</td>
<td>ecommerce.mecys.automation.endtoend.EcommerceEndToEndTest@57a3af25</td></tr>
<tr>
<td title='ecommerce.mecys.automation.endtoend.EcommerceEndToEndTest.configBM()'><b>configBM</b><br>Test class: ecommerce.mecys.automation.endtoend.EcommerceEndToEndTest</td>
<td></td>
<td>-1743743143</td>
<td>ecommerce.mecys.automation.endtoend.EcommerceEndToEndTest@57a3af25</td></tr>
<tr>
<td title='ecommerce.mecys.automation.endtoend.EcommerceEndToEndTest.configAM()'><b>configAM</b><br>Test class: ecommerce.mecys.automation.endtoend.EcommerceEndToEndTest</td>
<td></td>
<td>-1743743143</td>
<td>ecommerce.mecys.automation.endtoend.EcommerceEndToEndTest@57a3af25</td></tr>
<tr>
<td title='ecommerce.mecys.automation.smoketest.EcommerceSmokeTest.configBM()'><b>configBM</b><br>Test class: ecommerce.mecys.automation.smoketest.EcommerceSmokeTest</td>
<td></td>
<td>-1743743146</td>
<td>ecommerce.mecys.automation.smoketest.EcommerceSmokeTest@2b662a77</td></tr>
<tr>
<td title='ecommerce.mecys.automation.smoketest.EcommerceSmokeTest.configAM()'><b>configAM</b><br>Test class: ecommerce.mecys.automation.smoketest.EcommerceSmokeTest</td>
<td></td>
<td>-1743743146</td>
<td>ecommerce.mecys.automation.smoketest.EcommerceSmokeTest@2b662a77</td></tr>
<tr>
<td title='ecommerce.mecys.automation.endtoend.EcommerceEndToEndTest.configAM()'><b>configAM</b><br>Test class: ecommerce.mecys.automation.endtoend.EcommerceEndToEndTest</td>
<td></td>
<td>-1743743143</td>
<td>ecommerce.mecys.automation.endtoend.EcommerceEndToEndTest@57a3af25</td></tr>
<tr>
<td title='ecommerce.mecys.automation.smoketest.EcommerceSmokeTest.configBM()'><b>configBM</b><br>Test class: ecommerce.mecys.automation.smoketest.EcommerceSmokeTest</td>
<td></td>
<td>-1743743146</td>
<td>ecommerce.mecys.automation.smoketest.EcommerceSmokeTest@2b662a77</td></tr>
<tr>
<td title='ecommerce.mecys.automation.smoketest.EcommerceSmokeTest.configAC()'><b>configAC</b><br>Test class: ecommerce.mecys.automation.smoketest.EcommerceSmokeTest</td>
<td></td>
<td>-1743743146</td>
<td>ecommerce.mecys.automation.smoketest.EcommerceSmokeTest@2b662a77</td></tr>
<tr>
<td title='ecommerce.mecys.automation.integrationtest.EcommerceIntegrationTest.configBM()'><b>configBM</b><br>Test class: ecommerce.mecys.automation.integrationtest.EcommerceIntegrationTest</td>
<td></td>
<td>-1743743139</td>
<td>ecommerce.mecys.automation.integrationtest.EcommerceIntegrationTest@8f4ea7c</td></tr>
<tr>
<td title='ecommerce.mecys.automation.integrationtest.EcommerceIntegrationTest.configBM()'><b>configBM</b><br>Test class: ecommerce.mecys.automation.integrationtest.EcommerceIntegrationTest</td>
<td></td>
<td>-1743743139</td>
<td>ecommerce.mecys.automation.integrationtest.EcommerceIntegrationTest@8f4ea7c</td></tr>
<tr>
<td title='ecommerce.mecys.automation.integrationtest.EcommerceIntegrationTest.configAM()'><b>configAM</b><br>Test class: ecommerce.mecys.automation.integrationtest.EcommerceIntegrationTest</td>
<td></td>
<td>-1743743139</td>
<td>ecommerce.mecys.automation.integrationtest.EcommerceIntegrationTest@8f4ea7c</td></tr>
<tr>
<td title='ecommerce.mecys.automation.endtoend.EcommerceEndToEndTest.configBM()'><b>configBM</b><br>Test class: ecommerce.mecys.automation.endtoend.EcommerceEndToEndTest</td>
<td></td>
<td>-1743743143</td>
<td>ecommerce.mecys.automation.endtoend.EcommerceEndToEndTest@57a3af25</td></tr>
<tr>
<td title='ecommerce.mecys.automation.integrationtest.EcommerceIntegrationTest.configAC()'><b>configAC</b><br>Test class: ecommerce.mecys.automation.integrationtest.EcommerceIntegrationTest</td>
<td></td>
<td>-1743743139</td>
<td>ecommerce.mecys.automation.integrationtest.EcommerceIntegrationTest@8f4ea7c</td></tr>
<tr>
<td title='ecommerce.mecys.automation.smoketest.EcommerceSmokeTest.configAM()'><b>configAM</b><br>Test class: ecommerce.mecys.automation.smoketest.EcommerceSmokeTest</td>
<td></td>
<td>-1743743146</td>
<td>ecommerce.mecys.automation.smoketest.EcommerceSmokeTest@2b662a77</td></tr>
<tr>
<td title='ecommerce.mecys.automation.endtoend.EcommerceEndToEndTest.configAM()'><b>configAM</b><br>Test class: ecommerce.mecys.automation.endtoend.EcommerceEndToEndTest</td>
<td></td>
<td>-1743743143</td>
<td>ecommerce.mecys.automation.endtoend.EcommerceEndToEndTest@57a3af25</td></tr>
<tr>
<td title='ecommerce.mecys.automation.endtoend.EcommerceEndToEndTest.configBM()'><b>configBM</b><br>Test class: ecommerce.mecys.automation.endtoend.EcommerceEndToEndTest</td>
<td></td>
<td>-1743743143</td>
<td>ecommerce.mecys.automation.endtoend.EcommerceEndToEndTest@57a3af25</td></tr>
<tr>
<td title='ecommerce.mecys.automation.endtoend.EcommerceEndToEndTest.configAC()'><b>configAC</b><br>Test class: ecommerce.mecys.automation.endtoend.EcommerceEndToEndTest</td>
<td></td>
<td>-1743743143</td>
<td>ecommerce.mecys.automation.endtoend.EcommerceEndToEndTest@57a3af25</td></tr>
</table><p>
<table width='100%' border='1' class='invocation-skipped'>
<tr><td colspan='4' align='center'><b>SKIPPED TESTS</b></td></tr>
<tr><td><b>Test method</b></td>
<td width="30%"><b>Exception</b></td>
<td width="10%"><b>Time (seconds)</b></td>
<td><b>Instance</b></td>
</tr>
<tr>
<td title='ecommerce.mecys.automation.endtoend.EcommerceEndToEndTest.endToEndShoppingFlowTest()'><b>endToEndShoppingFlowTest</b><br>Test class: ecommerce.mecys.automation.endtoend.EcommerceEndToEndTest</td>
<td><div><pre>java.io.FileNotFoundException: D:\Selenium_Workspace\fashion\src\main\resources\commandata.properties (The system cannot find the path specified)
	at java.base/java.io.FileInputStream.open0(Native Method)
	at java.base/java.io.FileInputStream.open(FileInputStream.java:213)
	at java.base/java.io.FileInputStream.&lt;init&gt;(FileInputStream.java:152)
	at java.base/java.io.FileInputStream.&lt;init&gt;(FileInputStream.java:106)
	at ecommerce.mecys.genericutility.fileutility.FileUtility.getDataFromPropertiesFile(FileUtility.java:9)
	at ecommerce.mecys.genericutility.basetest.BaseClass.configBC(BaseClass.java:63)
	at java.base/java.util.ArrayList.forEach(ArrayList.java:1596)
	at java.base/java.util.concurrent.FutureTask.run(FutureTask.java:317)
	at java.base/java.util.concurrent.ThreadPoolExecutor.runWorker(ThreadPoolExecutor.java:1144)
	at java.base/java.util.concurrent.ThreadPoolExecutor$Worker.run(ThreadPoolExecutor.java:642)
	at java.base/java.lang.Thread.run(Thread.java:1583)
... Removed 14 stack frames</pre></div><a href='#' onClick='toggleBox("stack-trace866791578", this, "Click to show all stack frames", "Click to hide stack frames")'>Click to show all stack frames</a>
<div class='stack-trace' id='stack-trace866791578'><pre>java.io.FileNotFoundException: D:\Selenium_Workspace\fashion\src\main\resources\commandata.properties (The system cannot find the path specified)
	at java.base/java.io.FileInputStream.open0(Native Method)
	at java.base/java.io.FileInputStream.open(FileInputStream.java:213)
	at java.base/java.io.FileInputStream.&lt;init&gt;(FileInputStream.java:152)
	at java.base/java.io.FileInputStream.&lt;init&gt;(FileInputStream.java:106)
	at ecommerce.mecys.genericutility.fileutility.FileUtility.getDataFromPropertiesFile(FileUtility.java:9)
	at ecommerce.mecys.genericutility.basetest.BaseClass.configBC(BaseClass.java:63)
	at java.base/jdk.internal.reflect.DirectMethodHandleAccessor.invoke(DirectMethodHandleAccessor.java:103)
	at java.base/java.lang.reflect.Method.invoke(Method.java:580)
	at org.testng.internal.MethodInvocationHelper.invokeMethod(MethodInvocationHelper.java:133)
	at org.testng.internal.MethodInvocationHelper.invokeMethodConsideringTimeout(MethodInvocationHelper.java:62)
	at org.testng.internal.ConfigInvoker.invokeConfigurationMethod(ConfigInvoker.java:385)
	at org.testng.internal.ConfigInvoker.invokeConfigurations(ConfigInvoker.java:321)
	at org.testng.internal.TestMethodWorker.invokeBeforeClassMethods(TestMethodWorker.java:176)
	at org.testng.internal.TestMethodWorker.run(TestMethodWorker.java:122)
	at java.base/java.util.ArrayList.forEach(ArrayList.java:1596)
	at org.testng.TestRunner.privateRun(TestRunner.java:794)
	at org.testng.TestRunner.run(TestRunner.java:596)
	at org.testng.SuiteRunner.runTest(SuiteRunner.java:377)
	at org.testng.SuiteRunner.access$000(SuiteRunner.java:28)
	at org.testng.SuiteRunner$SuiteWorker.run(SuiteRunner.java:418)
	at org.testng.internal.thread.ThreadUtil.lambda$execute$0(ThreadUtil.java:64)
	at java.base/java.util.concurrent.FutureTask.run(FutureTask.java:317)
	at java.base/java.util.concurrent.ThreadPoolExecutor.runWorker(ThreadPoolExecutor.java:1144)
	at java.base/java.util.concurrent.ThreadPoolExecutor$Worker.run(ThreadPoolExecutor.java:642)
	at java.base/java.lang.Thread.run(Thread.java:1583)
</pre></div></td>
<td>0</td>
<td>ecommerce.mecys.automation.endtoend.EcommerceEndToEndTest@57a3af25</td></tr>
<tr>
<td title='ecommerce.mecys.automation.integrationtest.EcommerceIntegrationTest.searchAndVerifyProductPageTest()'><b>searchAndVerifyProductPageTest</b><br>Test class: ecommerce.mecys.automation.integrationtest.EcommerceIntegrationTest</td>
<td><div><pre>java.io.FileNotFoundException: D:\Selenium_Workspace\fashion\src\main\resources\commandata.properties (The system cannot find the path specified)
	at java.base/java.io.FileInputStream.open0(Native Method)
	at java.base/java.io.FileInputStream.open(FileInputStream.java:213)
	at java.base/java.io.FileInputStream.&lt;init&gt;(FileInputStream.java:152)
	at java.base/java.io.FileInputStream.&lt;init&gt;(FileInputStream.java:106)
	at ecommerce.mecys.genericutility.fileutility.FileUtility.getDataFromPropertiesFile(FileUtility.java:9)
	at ecommerce.mecys.genericutility.basetest.BaseClass.configBC(BaseClass.java:63)
	at java.base/java.util.ArrayList.forEach(ArrayList.java:1596)
	at java.base/java.util.concurrent.FutureTask.run(FutureTask.java:317)
	at java.base/java.util.concurrent.ThreadPoolExecutor.runWorker(ThreadPoolExecutor.java:1144)
	at java.base/java.util.concurrent.ThreadPoolExecutor$Worker.run(ThreadPoolExecutor.java:642)
	at java.base/java.lang.Thread.run(Thread.java:1583)
... Removed 14 stack frames</pre></div><a href='#' onClick='toggleBox("stack-trace1225350363", this, "Click to show all stack frames", "Click to hide stack frames")'>Click to show all stack frames</a>
<div class='stack-trace' id='stack-trace1225350363'><pre>java.io.FileNotFoundException: D:\Selenium_Workspace\fashion\src\main\resources\commandata.properties (The system cannot find the path specified)
	at java.base/java.io.FileInputStream.open0(Native Method)
	at java.base/java.io.FileInputStream.open(FileInputStream.java:213)
	at java.base/java.io.FileInputStream.&lt;init&gt;(FileInputStream.java:152)
	at java.base/java.io.FileInputStream.&lt;init&gt;(FileInputStream.java:106)
	at ecommerce.mecys.genericutility.fileutility.FileUtility.getDataFromPropertiesFile(FileUtility.java:9)
	at ecommerce.mecys.genericutility.basetest.BaseClass.configBC(BaseClass.java:63)
	at java.base/jdk.internal.reflect.DirectMethodHandleAccessor.invoke(DirectMethodHandleAccessor.java:103)
	at java.base/java.lang.reflect.Method.invoke(Method.java:580)
	at org.testng.internal.MethodInvocationHelper.invokeMethod(MethodInvocationHelper.java:133)
	at org.testng.internal.MethodInvocationHelper.invokeMethodConsideringTimeout(MethodInvocationHelper.java:62)
	at org.testng.internal.ConfigInvoker.invokeConfigurationMethod(ConfigInvoker.java:385)
	at org.testng.internal.ConfigInvoker.invokeConfigurations(ConfigInvoker.java:321)
	at org.testng.internal.TestMethodWorker.invokeBeforeClassMethods(TestMethodWorker.java:176)
	at org.testng.internal.TestMethodWorker.run(TestMethodWorker.java:122)
	at java.base/java.util.ArrayList.forEach(ArrayList.java:1596)
	at org.testng.TestRunner.privateRun(TestRunner.java:794)
	at org.testng.TestRunner.run(TestRunner.java:596)
	at org.testng.SuiteRunner.runTest(SuiteRunner.java:377)
	at org.testng.SuiteRunner.access$000(SuiteRunner.java:28)
	at org.testng.SuiteRunner$SuiteWorker.run(SuiteRunner.java:418)
	at org.testng.internal.thread.ThreadUtil.lambda$execute$0(ThreadUtil.java:64)
	at java.base/java.util.concurrent.FutureTask.run(FutureTask.java:317)
	at java.base/java.util.concurrent.ThreadPoolExecutor.runWorker(ThreadPoolExecutor.java:1144)
	at java.base/java.util.concurrent.ThreadPoolExecutor$Worker.run(ThreadPoolExecutor.java:642)
	at java.base/java.lang.Thread.run(Thread.java:1583)
</pre></div></td>
<td>0</td>
<td>ecommerce.mecys.automation.integrationtest.EcommerceIntegrationTest@8f4ea7c</td></tr>
<tr>
<td title='ecommerce.mecys.automation.smoketest.EcommerceSmokeTest.verifyLoginFunctionalityTest()'><b>verifyLoginFunctionalityTest</b><br>Test class: ecommerce.mecys.automation.smoketest.EcommerceSmokeTest</td>
<td><div><pre>java.io.FileNotFoundException: D:\Selenium_Workspace\fashion\src\main\resources\commandata.properties (The system cannot find the path specified)
	at java.base/java.io.FileInputStream.open0(Native Method)
	at java.base/java.io.FileInputStream.open(FileInputStream.java:213)
	at java.base/java.io.FileInputStream.&lt;init&gt;(FileInputStream.java:152)
	at java.base/java.io.FileInputStream.&lt;init&gt;(FileInputStream.java:106)
	at ecommerce.mecys.genericutility.fileutility.FileUtility.getDataFromPropertiesFile(FileUtility.java:9)
	at ecommerce.mecys.genericutility.basetest.BaseClass.configBC(BaseClass.java:63)
	at java.base/java.util.ArrayList.forEach(ArrayList.java:1596)
	at java.base/java.util.concurrent.FutureTask.run(FutureTask.java:317)
	at java.base/java.util.concurrent.ThreadPoolExecutor.runWorker(ThreadPoolExecutor.java:1144)
	at java.base/java.util.concurrent.ThreadPoolExecutor$Worker.run(ThreadPoolExecutor.java:642)
	at java.base/java.lang.Thread.run(Thread.java:1583)
... Removed 14 stack frames</pre></div><a href='#' onClick='toggleBox("stack-trace391649947", this, "Click to show all stack frames", "Click to hide stack frames")'>Click to show all stack frames</a>
<div class='stack-trace' id='stack-trace391649947'><pre>java.io.FileNotFoundException: D:\Selenium_Workspace\fashion\src\main\resources\commandata.properties (The system cannot find the path specified)
	at java.base/java.io.FileInputStream.open0(Native Method)
	at java.base/java.io.FileInputStream.open(FileInputStream.java:213)
	at java.base/java.io.FileInputStream.&lt;init&gt;(FileInputStream.java:152)
	at java.base/java.io.FileInputStream.&lt;init&gt;(FileInputStream.java:106)
	at ecommerce.mecys.genericutility.fileutility.FileUtility.getDataFromPropertiesFile(FileUtility.java:9)
	at ecommerce.mecys.genericutility.basetest.BaseClass.configBC(BaseClass.java:63)
	at java.base/jdk.internal.reflect.DirectMethodHandleAccessor.invoke(DirectMethodHandleAccessor.java:103)
	at java.base/java.lang.reflect.Method.invoke(Method.java:580)
	at org.testng.internal.MethodInvocationHelper.invokeMethod(MethodInvocationHelper.java:133)
	at org.testng.internal.MethodInvocationHelper.invokeMethodConsideringTimeout(MethodInvocationHelper.java:62)
	at org.testng.internal.ConfigInvoker.invokeConfigurationMethod(ConfigInvoker.java:385)
	at org.testng.internal.ConfigInvoker.invokeConfigurations(ConfigInvoker.java:321)
	at org.testng.internal.TestMethodWorker.invokeBeforeClassMethods(TestMethodWorker.java:176)
	at org.testng.internal.TestMethodWorker.run(TestMethodWorker.java:122)
	at java.base/java.util.ArrayList.forEach(ArrayList.java:1596)
	at org.testng.TestRunner.privateRun(TestRunner.java:794)
	at org.testng.TestRunner.run(TestRunner.java:596)
	at org.testng.SuiteRunner.runTest(SuiteRunner.java:377)
	at org.testng.SuiteRunner.access$000(SuiteRunner.java:28)
	at org.testng.SuiteRunner$SuiteWorker.run(SuiteRunner.java:418)
	at org.testng.internal.thread.ThreadUtil.lambda$execute$0(ThreadUtil.java:64)
	at java.base/java.util.concurrent.FutureTask.run(FutureTask.java:317)
	at java.base/java.util.concurrent.ThreadPoolExecutor.runWorker(ThreadPoolExecutor.java:1144)
	at java.base/java.util.concurrent.ThreadPoolExecutor$Worker.run(ThreadPoolExecutor.java:642)
	at java.base/java.lang.Thread.run(Thread.java:1583)
</pre></div></td>
<td>0</td>
<td>ecommerce.mecys.automation.smoketest.EcommerceSmokeTest@2b662a77</td></tr>
<tr>
<td title='ecommerce.mecys.automation.endtoend.EcommerceEndToEndTest.endToEndShippingAndBillingAddressTest()'><b>endToEndShippingAndBillingAddressTest</b><br>Test class: ecommerce.mecys.automation.endtoend.EcommerceEndToEndTest</td>
<td><div><pre>java.io.FileNotFoundException: D:\Selenium_Workspace\fashion\src\main\resources\commandata.properties (The system cannot find the path specified)
	at java.base/java.io.FileInputStream.open0(Native Method)
	at java.base/java.io.FileInputStream.open(FileInputStream.java:213)
	at java.base/java.io.FileInputStream.&lt;init&gt;(FileInputStream.java:152)
	at java.base/java.io.FileInputStream.&lt;init&gt;(FileInputStream.java:106)
	at ecommerce.mecys.genericutility.fileutility.FileUtility.getDataFromPropertiesFile(FileUtility.java:9)
	at ecommerce.mecys.genericutility.basetest.BaseClass.configBC(BaseClass.java:63)
	at java.base/java.util.ArrayList.forEach(ArrayList.java:1596)
	at java.base/java.util.concurrent.FutureTask.run(FutureTask.java:317)
	at java.base/java.util.concurrent.ThreadPoolExecutor.runWorker(ThreadPoolExecutor.java:1144)
	at java.base/java.util.concurrent.ThreadPoolExecutor$Worker.run(ThreadPoolExecutor.java:642)
	at java.base/java.lang.Thread.run(Thread.java:1583)
... Removed 14 stack frames</pre></div><a href='#' onClick='toggleBox("stack-trace416793331", this, "Click to show all stack frames", "Click to hide stack frames")'>Click to show all stack frames</a>
<div class='stack-trace' id='stack-trace416793331'><pre>java.io.FileNotFoundException: D:\Selenium_Workspace\fashion\src\main\resources\commandata.properties (The system cannot find the path specified)
	at java.base/java.io.FileInputStream.open0(Native Method)
	at java.base/java.io.FileInputStream.open(FileInputStream.java:213)
	at java.base/java.io.FileInputStream.&lt;init&gt;(FileInputStream.java:152)
	at java.base/java.io.FileInputStream.&lt;init&gt;(FileInputStream.java:106)
	at ecommerce.mecys.genericutility.fileutility.FileUtility.getDataFromPropertiesFile(FileUtility.java:9)
	at ecommerce.mecys.genericutility.basetest.BaseClass.configBC(BaseClass.java:63)
	at java.base/jdk.internal.reflect.DirectMethodHandleAccessor.invoke(DirectMethodHandleAccessor.java:103)
	at java.base/java.lang.reflect.Method.invoke(Method.java:580)
	at org.testng.internal.MethodInvocationHelper.invokeMethod(MethodInvocationHelper.java:133)
	at org.testng.internal.MethodInvocationHelper.invokeMethodConsideringTimeout(MethodInvocationHelper.java:62)
	at org.testng.internal.ConfigInvoker.invokeConfigurationMethod(ConfigInvoker.java:385)
	at org.testng.internal.ConfigInvoker.invokeConfigurations(ConfigInvoker.java:321)
	at org.testng.internal.TestMethodWorker.invokeBeforeClassMethods(TestMethodWorker.java:176)
	at org.testng.internal.TestMethodWorker.run(TestMethodWorker.java:122)
	at java.base/java.util.ArrayList.forEach(ArrayList.java:1596)
	at org.testng.TestRunner.privateRun(TestRunner.java:794)
	at org.testng.TestRunner.run(TestRunner.java:596)
	at org.testng.SuiteRunner.runTest(SuiteRunner.java:377)
	at org.testng.SuiteRunner.access$000(SuiteRunner.java:28)
	at org.testng.SuiteRunner$SuiteWorker.run(SuiteRunner.java:418)
	at org.testng.internal.thread.ThreadUtil.lambda$execute$0(ThreadUtil.java:64)
	at java.base/java.util.concurrent.FutureTask.run(FutureTask.java:317)
	at java.base/java.util.concurrent.ThreadPoolExecutor.runWorker(ThreadPoolExecutor.java:1144)
	at java.base/java.util.concurrent.ThreadPoolExecutor$Worker.run(ThreadPoolExecutor.java:642)
	at java.base/java.lang.Thread.run(Thread.java:1583)
</pre></div></td>
<td>0</td>
<td>ecommerce.mecys.automation.endtoend.EcommerceEndToEndTest@57a3af25</td></tr>
<tr>
<td title='ecommerce.mecys.automation.integrationtest.EcommerceIntegrationTest.cartItemFlowToCheckoutTest()'><b>cartItemFlowToCheckoutTest</b><br>Test class: ecommerce.mecys.automation.integrationtest.EcommerceIntegrationTest</td>
<td><div><pre>java.io.FileNotFoundException: D:\Selenium_Workspace\fashion\src\main\resources\commandata.properties (The system cannot find the path specified)
	at java.base/java.io.FileInputStream.open0(Native Method)
	at java.base/java.io.FileInputStream.open(FileInputStream.java:213)
	at java.base/java.io.FileInputStream.&lt;init&gt;(FileInputStream.java:152)
	at java.base/java.io.FileInputStream.&lt;init&gt;(FileInputStream.java:106)
	at ecommerce.mecys.genericutility.fileutility.FileUtility.getDataFromPropertiesFile(FileUtility.java:9)
	at ecommerce.mecys.genericutility.basetest.BaseClass.configBC(BaseClass.java:63)
	at java.base/java.util.ArrayList.forEach(ArrayList.java:1596)
	at java.base/java.util.concurrent.FutureTask.run(FutureTask.java:317)
	at java.base/java.util.concurrent.ThreadPoolExecutor.runWorker(ThreadPoolExecutor.java:1144)
	at java.base/java.util.concurrent.ThreadPoolExecutor$Worker.run(ThreadPoolExecutor.java:642)
	at java.base/java.lang.Thread.run(Thread.java:1583)
... Removed 14 stack frames</pre></div><a href='#' onClick='toggleBox("stack-trace1807584870", this, "Click to show all stack frames", "Click to hide stack frames")'>Click to show all stack frames</a>
<div class='stack-trace' id='stack-trace1807584870'><pre>java.io.FileNotFoundException: D:\Selenium_Workspace\fashion\src\main\resources\commandata.properties (The system cannot find the path specified)
	at java.base/java.io.FileInputStream.open0(Native Method)
	at java.base/java.io.FileInputStream.open(FileInputStream.java:213)
	at java.base/java.io.FileInputStream.&lt;init&gt;(FileInputStream.java:152)
	at java.base/java.io.FileInputStream.&lt;init&gt;(FileInputStream.java:106)
	at ecommerce.mecys.genericutility.fileutility.FileUtility.getDataFromPropertiesFile(FileUtility.java:9)
	at ecommerce.mecys.genericutility.basetest.BaseClass.configBC(BaseClass.java:63)
	at java.base/jdk.internal.reflect.DirectMethodHandleAccessor.invoke(DirectMethodHandleAccessor.java:103)
	at java.base/java.lang.reflect.Method.invoke(Method.java:580)
	at org.testng.internal.MethodInvocationHelper.invokeMethod(MethodInvocationHelper.java:133)
	at org.testng.internal.MethodInvocationHelper.invokeMethodConsideringTimeout(MethodInvocationHelper.java:62)
	at org.testng.internal.ConfigInvoker.invokeConfigurationMethod(ConfigInvoker.java:385)
	at org.testng.internal.ConfigInvoker.invokeConfigurations(ConfigInvoker.java:321)
	at org.testng.internal.TestMethodWorker.invokeBeforeClassMethods(TestMethodWorker.java:176)
	at org.testng.internal.TestMethodWorker.run(TestMethodWorker.java:122)
	at java.base/java.util.ArrayList.forEach(ArrayList.java:1596)
	at org.testng.TestRunner.privateRun(TestRunner.java:794)
	at org.testng.TestRunner.run(TestRunner.java:596)
	at org.testng.SuiteRunner.runTest(SuiteRunner.java:377)
	at org.testng.SuiteRunner.access$000(SuiteRunner.java:28)
	at org.testng.SuiteRunner$SuiteWorker.run(SuiteRunner.java:418)
	at org.testng.internal.thread.ThreadUtil.lambda$execute$0(ThreadUtil.java:64)
	at java.base/java.util.concurrent.FutureTask.run(FutureTask.java:317)
	at java.base/java.util.concurrent.ThreadPoolExecutor.runWorker(ThreadPoolExecutor.java:1144)
	at java.base/java.util.concurrent.ThreadPoolExecutor$Worker.run(ThreadPoolExecutor.java:642)
	at java.base/java.lang.Thread.run(Thread.java:1583)
</pre></div></td>
<td>0</td>
<td>ecommerce.mecys.automation.integrationtest.EcommerceIntegrationTest@8f4ea7c</td></tr>
<tr>
<td title='ecommerce.mecys.automation.endtoend.EcommerceEndToEndTest.endToEndShoppingMultipleProductsFlowTest()'><b>endToEndShoppingMultipleProductsFlowTest</b><br>Test class: ecommerce.mecys.automation.endtoend.EcommerceEndToEndTest</td>
<td><div><pre>java.io.FileNotFoundException: D:\Selenium_Workspace\fashion\src\main\resources\commandata.properties (The system cannot find the path specified)
	at java.base/java.io.FileInputStream.open0(Native Method)
	at java.base/java.io.FileInputStream.open(FileInputStream.java:213)
	at java.base/java.io.FileInputStream.&lt;init&gt;(FileInputStream.java:152)
	at java.base/java.io.FileInputStream.&lt;init&gt;(FileInputStream.java:106)
	at ecommerce.mecys.genericutility.fileutility.FileUtility.getDataFromPropertiesFile(FileUtility.java:9)
	at ecommerce.mecys.genericutility.basetest.BaseClass.configBC(BaseClass.java:63)
	at java.base/java.util.ArrayList.forEach(ArrayList.java:1596)
	at java.base/java.util.concurrent.FutureTask.run(FutureTask.java:317)
	at java.base/java.util.concurrent.ThreadPoolExecutor.runWorker(ThreadPoolExecutor.java:1144)
	at java.base/java.util.concurrent.ThreadPoolExecutor$Worker.run(ThreadPoolExecutor.java:642)
	at java.base/java.lang.Thread.run(Thread.java:1583)
... Removed 14 stack frames</pre></div><a href='#' onClick='toggleBox("stack-trace468509479", this, "Click to show all stack frames", "Click to hide stack frames")'>Click to show all stack frames</a>
<div class='stack-trace' id='stack-trace468509479'><pre>java.io.FileNotFoundException: D:\Selenium_Workspace\fashion\src\main\resources\commandata.properties (The system cannot find the path specified)
	at java.base/java.io.FileInputStream.open0(Native Method)
	at java.base/java.io.FileInputStream.open(FileInputStream.java:213)
	at java.base/java.io.FileInputStream.&lt;init&gt;(FileInputStream.java:152)
	at java.base/java.io.FileInputStream.&lt;init&gt;(FileInputStream.java:106)
	at ecommerce.mecys.genericutility.fileutility.FileUtility.getDataFromPropertiesFile(FileUtility.java:9)
	at ecommerce.mecys.genericutility.basetest.BaseClass.configBC(BaseClass.java:63)
	at java.base/jdk.internal.reflect.DirectMethodHandleAccessor.invoke(DirectMethodHandleAccessor.java:103)
	at java.base/java.lang.reflect.Method.invoke(Method.java:580)
	at org.testng.internal.MethodInvocationHelper.invokeMethod(MethodInvocationHelper.java:133)
	at org.testng.internal.MethodInvocationHelper.invokeMethodConsideringTimeout(MethodInvocationHelper.java:62)
	at org.testng.internal.ConfigInvoker.invokeConfigurationMethod(ConfigInvoker.java:385)
	at org.testng.internal.ConfigInvoker.invokeConfigurations(ConfigInvoker.java:321)
	at org.testng.internal.TestMethodWorker.invokeBeforeClassMethods(TestMethodWorker.java:176)
	at org.testng.internal.TestMethodWorker.run(TestMethodWorker.java:122)
	at java.base/java.util.ArrayList.forEach(ArrayList.java:1596)
	at org.testng.TestRunner.privateRun(TestRunner.java:794)
	at org.testng.TestRunner.run(TestRunner.java:596)
	at org.testng.SuiteRunner.runTest(SuiteRunner.java:377)
	at org.testng.SuiteRunner.access$000(SuiteRunner.java:28)
	at org.testng.SuiteRunner$SuiteWorker.run(SuiteRunner.java:418)
	at org.testng.internal.thread.ThreadUtil.lambda$execute$0(ThreadUtil.java:64)
	at java.base/java.util.concurrent.FutureTask.run(FutureTask.java:317)
	at java.base/java.util.concurrent.ThreadPoolExecutor.runWorker(ThreadPoolExecutor.java:1144)
	at java.base/java.util.concurrent.ThreadPoolExecutor$Worker.run(ThreadPoolExecutor.java:642)
	at java.base/java.lang.Thread.run(Thread.java:1583)
</pre></div></td>
<td>0</td>
<td>ecommerce.mecys.automation.endtoend.EcommerceEndToEndTest@57a3af25</td></tr>
<tr>
<td title='ecommerce.mecys.automation.smoketest.EcommerceSmokeTest.verifyHomepageLoadTest()'><b>verifyHomepageLoadTest</b><br>Test class: ecommerce.mecys.automation.smoketest.EcommerceSmokeTest</td>
<td><div><pre>java.io.FileNotFoundException: D:\Selenium_Workspace\fashion\src\main\resources\commandata.properties (The system cannot find the path specified)
	at java.base/java.io.FileInputStream.open0(Native Method)
	at java.base/java.io.FileInputStream.open(FileInputStream.java:213)
	at java.base/java.io.FileInputStream.&lt;init&gt;(FileInputStream.java:152)
	at java.base/java.io.FileInputStream.&lt;init&gt;(FileInputStream.java:106)
	at ecommerce.mecys.genericutility.fileutility.FileUtility.getDataFromPropertiesFile(FileUtility.java:9)
	at ecommerce.mecys.genericutility.basetest.BaseClass.configBC(BaseClass.java:63)
	at java.base/java.util.ArrayList.forEach(ArrayList.java:1596)
	at java.base/java.util.concurrent.FutureTask.run(FutureTask.java:317)
	at java.base/java.util.concurrent.ThreadPoolExecutor.runWorker(ThreadPoolExecutor.java:1144)
	at java.base/java.util.concurrent.ThreadPoolExecutor$Worker.run(ThreadPoolExecutor.java:642)
	at java.base/java.lang.Thread.run(Thread.java:1583)
... Removed 14 stack frames</pre></div><a href='#' onClick='toggleBox("stack-trace151437725", this, "Click to show all stack frames", "Click to hide stack frames")'>Click to show all stack frames</a>
<div class='stack-trace' id='stack-trace151437725'><pre>java.io.FileNotFoundException: D:\Selenium_Workspace\fashion\src\main\resources\commandata.properties (The system cannot find the path specified)
	at java.base/java.io.FileInputStream.open0(Native Method)
	at java.base/java.io.FileInputStream.open(FileInputStream.java:213)
	at java.base/java.io.FileInputStream.&lt;init&gt;(FileInputStream.java:152)
	at java.base/java.io.FileInputStream.&lt;init&gt;(FileInputStream.java:106)
	at ecommerce.mecys.genericutility.fileutility.FileUtility.getDataFromPropertiesFile(FileUtility.java:9)
	at ecommerce.mecys.genericutility.basetest.BaseClass.configBC(BaseClass.java:63)
	at java.base/jdk.internal.reflect.DirectMethodHandleAccessor.invoke(DirectMethodHandleAccessor.java:103)
	at java.base/java.lang.reflect.Method.invoke(Method.java:580)
	at org.testng.internal.MethodInvocationHelper.invokeMethod(MethodInvocationHelper.java:133)
	at org.testng.internal.MethodInvocationHelper.invokeMethodConsideringTimeout(MethodInvocationHelper.java:62)
	at org.testng.internal.ConfigInvoker.invokeConfigurationMethod(ConfigInvoker.java:385)
	at org.testng.internal.ConfigInvoker.invokeConfigurations(ConfigInvoker.java:321)
	at org.testng.internal.TestMethodWorker.invokeBeforeClassMethods(TestMethodWorker.java:176)
	at org.testng.internal.TestMethodWorker.run(TestMethodWorker.java:122)
	at java.base/java.util.ArrayList.forEach(ArrayList.java:1596)
	at org.testng.TestRunner.privateRun(TestRunner.java:794)
	at org.testng.TestRunner.run(TestRunner.java:596)
	at org.testng.SuiteRunner.runTest(SuiteRunner.java:377)
	at org.testng.SuiteRunner.access$000(SuiteRunner.java:28)
	at org.testng.SuiteRunner$SuiteWorker.run(SuiteRunner.java:418)
	at org.testng.internal.thread.ThreadUtil.lambda$execute$0(ThreadUtil.java:64)
	at java.base/java.util.concurrent.FutureTask.run(FutureTask.java:317)
	at java.base/java.util.concurrent.ThreadPoolExecutor.runWorker(ThreadPoolExecutor.java:1144)
	at java.base/java.util.concurrent.ThreadPoolExecutor$Worker.run(ThreadPoolExecutor.java:642)
	at java.base/java.lang.Thread.run(Thread.java:1583)
</pre></div></td>
<td>0</td>
<td>ecommerce.mecys.automation.smoketest.EcommerceSmokeTest@2b662a77</td></tr>
<tr>
<td title='ecommerce.mecys.automation.endtoend.EcommerceEndToEndTest.endToEndUpdateQuantityTest()'><b>endToEndUpdateQuantityTest</b><br>Test class: ecommerce.mecys.automation.endtoend.EcommerceEndToEndTest</td>
<td><div><pre>java.io.FileNotFoundException: D:\Selenium_Workspace\fashion\src\main\resources\commandata.properties (The system cannot find the path specified)
	at java.base/java.io.FileInputStream.open0(Native Method)
	at java.base/java.io.FileInputStream.open(FileInputStream.java:213)
	at java.base/java.io.FileInputStream.&lt;init&gt;(FileInputStream.java:152)
	at java.base/java.io.FileInputStream.&lt;init&gt;(FileInputStream.java:106)
	at ecommerce.mecys.genericutility.fileutility.FileUtility.getDataFromPropertiesFile(FileUtility.java:9)
	at ecommerce.mecys.genericutility.basetest.BaseClass.configBC(BaseClass.java:63)
	at java.base/java.util.ArrayList.forEach(ArrayList.java:1596)
	at java.base/java.util.concurrent.FutureTask.run(FutureTask.java:317)
	at java.base/java.util.concurrent.ThreadPoolExecutor.runWorker(ThreadPoolExecutor.java:1144)
	at java.base/java.util.concurrent.ThreadPoolExecutor$Worker.run(ThreadPoolExecutor.java:642)
	at java.base/java.lang.Thread.run(Thread.java:1583)
... Removed 14 stack frames</pre></div><a href='#' onClick='toggleBox("stack-trace695807013", this, "Click to show all stack frames", "Click to hide stack frames")'>Click to show all stack frames</a>
<div class='stack-trace' id='stack-trace695807013'><pre>java.io.FileNotFoundException: D:\Selenium_Workspace\fashion\src\main\resources\commandata.properties (The system cannot find the path specified)
	at java.base/java.io.FileInputStream.open0(Native Method)
	at java.base/java.io.FileInputStream.open(FileInputStream.java:213)
	at java.base/java.io.FileInputStream.&lt;init&gt;(FileInputStream.java:152)
	at java.base/java.io.FileInputStream.&lt;init&gt;(FileInputStream.java:106)
	at ecommerce.mecys.genericutility.fileutility.FileUtility.getDataFromPropertiesFile(FileUtility.java:9)
	at ecommerce.mecys.genericutility.basetest.BaseClass.configBC(BaseClass.java:63)
	at java.base/jdk.internal.reflect.DirectMethodHandleAccessor.invoke(DirectMethodHandleAccessor.java:103)
	at java.base/java.lang.reflect.Method.invoke(Method.java:580)
	at org.testng.internal.MethodInvocationHelper.invokeMethod(MethodInvocationHelper.java:133)
	at org.testng.internal.MethodInvocationHelper.invokeMethodConsideringTimeout(MethodInvocationHelper.java:62)
	at org.testng.internal.ConfigInvoker.invokeConfigurationMethod(ConfigInvoker.java:385)
	at org.testng.internal.ConfigInvoker.invokeConfigurations(ConfigInvoker.java:321)
	at org.testng.internal.TestMethodWorker.invokeBeforeClassMethods(TestMethodWorker.java:176)
	at org.testng.internal.TestMethodWorker.run(TestMethodWorker.java:122)
	at java.base/java.util.ArrayList.forEach(ArrayList.java:1596)
	at org.testng.TestRunner.privateRun(TestRunner.java:794)
	at org.testng.TestRunner.run(TestRunner.java:596)
	at org.testng.SuiteRunner.runTest(SuiteRunner.java:377)
	at org.testng.SuiteRunner.access$000(SuiteRunner.java:28)
	at org.testng.SuiteRunner$SuiteWorker.run(SuiteRunner.java:418)
	at org.testng.internal.thread.ThreadUtil.lambda$execute$0(ThreadUtil.java:64)
	at java.base/java.util.concurrent.FutureTask.run(FutureTask.java:317)
	at java.base/java.util.concurrent.ThreadPoolExecutor.runWorker(ThreadPoolExecutor.java:1144)
	at java.base/java.util.concurrent.ThreadPoolExecutor$Worker.run(ThreadPoolExecutor.java:642)
	at java.base/java.lang.Thread.run(Thread.java:1583)
</pre></div></td>
<td>0</td>
<td>ecommerce.mecys.automation.endtoend.EcommerceEndToEndTest@57a3af25</td></tr>
</table><p>
</body>
</html>