<?xml version="1.0" encoding="UTF-8"?>
<!-- Generated by org.testng.reporters.JUnitXMLReporter -->
<testsuite ignored="4" hostname="DESKTOP-2V6V6GU" failures="0" tests="8" name="Test1" time="10.58" errors="0" timestamp="2025-04-04T10:35:46 IST">
  <testcase classname="ecommerce.mecys.genericutility.basetest.BaseClass" name="@BeforeClass configBC" time="1.981">
    <failure type="java.io.FileNotFoundException" message="D:\Selenium_Workspace\fashion\src\main\resources\commandata.properties (The system cannot find the path specified)">
      <![CDATA[java.io.FileNotFoundException: D:\Selenium_Workspace\fashion\src\main\resources\commandata.properties (The system cannot find the path specified)
at java.base/java.io.FileInputStream.open0(Native Method)
at java.base/java.io.FileInputStream.open(FileInputStream.java:213)
at java.base/java.io.FileInputStream.<init>(FileInputStream.java:152)
at java.base/java.io.FileInputStream.<init>(FileInputStream.java:106)
at ecommerce.mecys.genericutility.fileutility.FileUtility.getDataFromPropertiesFile(FileUtility.java:9)
at ecommerce.mecys.genericutility.basetest.BaseClass.configBC(BaseClass.java:63)
at java.base/java.util.ArrayList.forEach(ArrayList.java:1596)
at java.base/java.util.concurrent.FutureTask.run(FutureTask.java:317)
at java.base/java.util.concurrent.ThreadPoolExecutor.runWorker(ThreadPoolExecutor.java:1144)
at java.base/java.util.concurrent.ThreadPoolExecutor$Worker.run(ThreadPoolExecutor.java:642)
at java.base/java.lang.Thread.run(Thread.java:1583)
... Removed 14 stack frames]]>
    </failure>
  </testcase> <!-- @BeforeClass configBC -->
  <testcase classname="ecommerce.mecys.genericutility.basetest.BaseClass" name="@BeforeMethod configBM" time="-1.743743137941E9">
    <skipped/>
  </testcase> <!-- @BeforeMethod configBM -->
  <testcase classname="ecommerce.mecys.genericutility.basetest.BaseClass" name="@AfterMethod configAM" time="-1.743743137954E9">
    <skipped/>
  </testcase> <!-- @AfterMethod configAM -->
  <testcase classname="ecommerce.mecys.genericutility.basetest.BaseClass" name="@BeforeMethod configBM" time="-1.74374313796E9">
    <skipped/>
  </testcase> <!-- @BeforeMethod configBM -->
  <testcase classname="ecommerce.mecys.genericutility.basetest.BaseClass" name="@AfterMethod configAM" time="-1.74374313797E9">
    <skipped/>
  </testcase> <!-- @AfterMethod configAM -->
  <testcase classname="ecommerce.mecys.genericutility.basetest.BaseClass" name="@AfterClass configAC" time="-1.743743137976E9">
    <skipped/>
  </testcase> <!-- @AfterClass configAC -->
  <testcase classname="ecommerce.mecys.genericutility.basetest.BaseClass" name="@BeforeClass configBC" time="3.858">
    <failure type="java.io.FileNotFoundException" message="D:\Selenium_Workspace\fashion\src\main\resources\commandata.properties (The system cannot find the path specified)">
      <![CDATA[java.io.FileNotFoundException: D:\Selenium_Workspace\fashion\src\main\resources\commandata.properties (The system cannot find the path specified)
at java.base/java.io.FileInputStream.open0(Native Method)
at java.base/java.io.FileInputStream.open(FileInputStream.java:213)
at java.base/java.io.FileInputStream.<init>(FileInputStream.java:152)
at java.base/java.io.FileInputStream.<init>(FileInputStream.java:106)
at ecommerce.mecys.genericutility.fileutility.FileUtility.getDataFromPropertiesFile(FileUtility.java:9)
at ecommerce.mecys.genericutility.basetest.BaseClass.configBC(BaseClass.java:63)
at java.base/java.util.ArrayList.forEach(ArrayList.java:1596)
at java.base/java.util.concurrent.FutureTask.run(FutureTask.java:317)
at java.base/java.util.concurrent.ThreadPoolExecutor.runWorker(ThreadPoolExecutor.java:1144)
at java.base/java.util.concurrent.ThreadPoolExecutor$Worker.run(ThreadPoolExecutor.java:642)
at java.base/java.lang.Thread.run(Thread.java:1583)
... Removed 14 stack frames]]>
    </failure>
  </testcase> <!-- @BeforeClass configBC -->
  <testcase classname="ecommerce.mecys.genericutility.basetest.BaseClass" name="@BeforeMethod configBM" time="-1.743743139782E9">
    <skipped/>
  </testcase> <!-- @BeforeMethod configBM -->
  <testcase classname="ecommerce.mecys.genericutility.basetest.BaseClass" name="@AfterMethod configAM" time="-1.743743139798E9">
    <skipped/>
  </testcase> <!-- @AfterMethod configAM -->
  <testcase classname="ecommerce.mecys.genericutility.basetest.BaseClass" name="@BeforeMethod configBM" time="-1.743743139805E9">
    <skipped/>
  </testcase> <!-- @BeforeMethod configBM -->
  <testcase classname="ecommerce.mecys.genericutility.basetest.BaseClass" name="@AfterMethod configAM" time="-1.743743139822E9">
    <skipped/>
  </testcase> <!-- @AfterMethod configAM -->
  <testcase classname="ecommerce.mecys.genericutility.basetest.BaseClass" name="@AfterClass configAC" time="-1.743743139823E9">
    <skipped/>
  </testcase> <!-- @AfterClass configAC -->
  <testcase classname="ecommerce.mecys.genericutility.basetest.BaseClass" name="@BeforeClass configBC" time="1.89">
    <failure type="java.io.FileNotFoundException" message="D:\Selenium_Workspace\fashion\src\main\resources\commandata.properties (The system cannot find the path specified)">
      <![CDATA[java.io.FileNotFoundException: D:\Selenium_Workspace\fashion\src\main\resources\commandata.properties (The system cannot find the path specified)
at java.base/java.io.FileInputStream.open0(Native Method)
at java.base/java.io.FileInputStream.open(FileInputStream.java:213)
at java.base/java.io.FileInputStream.<init>(FileInputStream.java:152)
at java.base/java.io.FileInputStream.<init>(FileInputStream.java:106)
at ecommerce.mecys.genericutility.fileutility.FileUtility.getDataFromPropertiesFile(FileUtility.java:9)
at ecommerce.mecys.genericutility.basetest.BaseClass.configBC(BaseClass.java:63)
at java.base/java.util.ArrayList.forEach(ArrayList.java:1596)
at java.base/java.util.concurrent.FutureTask.run(FutureTask.java:317)
at java.base/java.util.concurrent.ThreadPoolExecutor.runWorker(ThreadPoolExecutor.java:1144)
at java.base/java.util.concurrent.ThreadPoolExecutor$Worker.run(ThreadPoolExecutor.java:642)
at java.base/java.lang.Thread.run(Thread.java:1583)
... Removed 14 stack frames]]>
    </failure>
  </testcase> <!-- @BeforeClass configBC -->
  <testcase classname="ecommerce.mecys.genericutility.basetest.BaseClass" name="@BeforeMethod configBM" time="-1.743743139886E9">
    <skipped/>
  </testcase> <!-- @BeforeMethod configBM -->
  <testcase classname="ecommerce.mecys.genericutility.basetest.BaseClass" name="@AfterMethod configAM" time="-1.743743139907E9">
    <skipped/>
  </testcase> <!-- @AfterMethod configAM -->
  <testcase classname="ecommerce.mecys.genericutility.basetest.BaseClass" name="@BeforeMethod configBM" time="-1.743743139912E9">
    <skipped/>
  </testcase> <!-- @BeforeMethod configBM -->
  <testcase classname="ecommerce.mecys.genericutility.basetest.BaseClass" name="@AfterMethod configAM" time="-1.743743139919E9">
    <skipped/>
  </testcase> <!-- @AfterMethod configAM -->
  <testcase classname="ecommerce.mecys.genericutility.basetest.BaseClass" name="@BeforeMethod configBM" time="-1.743743139922E9">
    <skipped/>
  </testcase> <!-- @BeforeMethod configBM -->
  <testcase classname="ecommerce.mecys.genericutility.basetest.BaseClass" name="@AfterMethod configAM" time="-1.743743139935E9">
    <skipped/>
  </testcase> <!-- @AfterMethod configAM -->
  <testcase classname="ecommerce.mecys.genericutility.basetest.BaseClass" name="@BeforeMethod configBM" time="-1.743743139939E9">
    <skipped/>
  </testcase> <!-- @BeforeMethod configBM -->
  <testcase classname="ecommerce.mecys.genericutility.basetest.BaseClass" name="@AfterMethod configAM" time="-1.743743139952E9">
    <skipped/>
  </testcase> <!-- @AfterMethod configAM -->
  <testcase classname="ecommerce.mecys.genericutility.basetest.BaseClass" name="@AfterClass configAC" time="-1.743743139956E9">
    <skipped/>
  </testcase> <!-- @AfterClass configAC -->
  <testcase classname="ecommerce.mecys.genericutility.basetest.BaseClass" name="@BeforeClass configBC" time="1.383">
    <failure type="java.io.FileNotFoundException" message="D:\Selenium_Workspace\fashion\src\main\resources\commandata.properties (The system cannot find the path specified)">
      <![CDATA[java.io.FileNotFoundException: D:\Selenium_Workspace\fashion\src\main\resources\commandata.properties (The system cannot find the path specified)
at java.base/java.io.FileInputStream.open0(Native Method)
at java.base/java.io.FileInputStream.open(FileInputStream.java:213)
at java.base/java.io.FileInputStream.<init>(FileInputStream.java:152)
at java.base/java.io.FileInputStream.<init>(FileInputStream.java:106)
at ecommerce.mecys.genericutility.fileutility.FileUtility.getDataFromPropertiesFile(FileUtility.java:9)
at ecommerce.mecys.genericutility.basetest.BaseClass.configBC(BaseClass.java:63)
at java.base/java.util.ArrayList.forEach(ArrayList.java:1596)
at java.base/java.util.concurrent.FutureTask.run(FutureTask.java:317)
at java.base/java.util.concurrent.ThreadPoolExecutor.runWorker(ThreadPoolExecutor.java:1144)
at java.base/java.util.concurrent.ThreadPoolExecutor$Worker.run(ThreadPoolExecutor.java:642)
at java.base/java.lang.Thread.run(Thread.java:1583)
... Removed 14 stack frames]]>
    </failure>
  </testcase> <!-- @BeforeClass configBC -->
  <testcase classname="ecommerce.mecys.genericutility.basetest.BaseClass" name="@BeforeMethod configBM" time="-1.743743141346E9">
    <skipped/>
  </testcase> <!-- @BeforeMethod configBM -->
  <testcase classname="ecommerce.mecys.genericutility.basetest.BaseClass" name="@AfterMethod configAM" time="-1.74374314135E9">
    <skipped/>
  </testcase> <!-- @AfterMethod configAM -->
  <testcase classname="ecommerce.mecys.genericutility.basetest.BaseClass" name="@BeforeMethod configBM" time="-1.743743141353E9">
    <skipped/>
  </testcase> <!-- @BeforeMethod configBM -->
  <testcase classname="ecommerce.mecys.genericutility.basetest.BaseClass" name="@AfterMethod configAM" time="-1.743743141359E9">
    <skipped/>
  </testcase> <!-- @AfterMethod configAM -->
  <testcase classname="ecommerce.mecys.genericutility.basetest.BaseClass" name="@AfterClass configAC" time="-1.743743141361E9">
    <skipped/>
  </testcase> <!-- @AfterClass configAC -->
  <testcase classname="ecommerce.mecys.genericutility.basetest.BaseClass" name="@BeforeClass configBC" time="3.367">
    <failure type="java.io.FileNotFoundException" message="D:\Selenium_Workspace\fashion\src\main\resources\commandata.properties (The system cannot find the path specified)">
      <![CDATA[java.io.FileNotFoundException: D:\Selenium_Workspace\fashion\src\main\resources\commandata.properties (The system cannot find the path specified)
at java.base/java.io.FileInputStream.open0(Native Method)
at java.base/java.io.FileInputStream.open(FileInputStream.java:213)
at java.base/java.io.FileInputStream.<init>(FileInputStream.java:152)
at java.base/java.io.FileInputStream.<init>(FileInputStream.java:106)
at ecommerce.mecys.genericutility.fileutility.FileUtility.getDataFromPropertiesFile(FileUtility.java:9)
at ecommerce.mecys.genericutility.basetest.BaseClass.configBC(BaseClass.java:63)
at java.base/java.util.ArrayList.forEach(ArrayList.java:1596)
at java.base/java.util.concurrent.FutureTask.run(FutureTask.java:317)
at java.base/java.util.concurrent.ThreadPoolExecutor.runWorker(ThreadPoolExecutor.java:1144)
at java.base/java.util.concurrent.ThreadPoolExecutor$Worker.run(ThreadPoolExecutor.java:642)
at java.base/java.lang.Thread.run(Thread.java:1583)
... Removed 14 stack frames]]>
    </failure>
  </testcase> <!-- @BeforeClass configBC -->
  <testcase classname="ecommerce.mecys.genericutility.basetest.BaseClass" name="@BeforeMethod configBM" time="-1.743743143196E9">
    <skipped/>
  </testcase> <!-- @BeforeMethod configBM -->
  <testcase classname="ecommerce.mecys.genericutility.basetest.BaseClass" name="@AfterMethod configAM" time="-1.743743143202E9">
    <skipped/>
  </testcase> <!-- @AfterMethod configAM -->
  <testcase classname="ecommerce.mecys.genericutility.basetest.BaseClass" name="@BeforeMethod configBM" time="-1.743743143204E9">
    <skipped/>
  </testcase> <!-- @BeforeMethod configBM -->
  <testcase classname="ecommerce.mecys.genericutility.basetest.BaseClass" name="@AfterMethod configAM" time="-1.743743143212E9">
    <skipped/>
  </testcase> <!-- @AfterMethod configAM -->
  <testcase classname="ecommerce.mecys.genericutility.basetest.BaseClass" name="@BeforeMethod configBM" time="-1.743743143216E9">
    <skipped/>
  </testcase> <!-- @BeforeMethod configBM -->
  <testcase classname="ecommerce.mecys.genericutility.basetest.BaseClass" name="@AfterMethod configAM" time="-1.743743143226E9">
    <skipped/>
  </testcase> <!-- @AfterMethod configAM -->
  <testcase classname="ecommerce.mecys.genericutility.basetest.BaseClass" name="@BeforeMethod configBM" time="-1.743743143234E9">
    <skipped/>
  </testcase> <!-- @BeforeMethod configBM -->
  <testcase classname="ecommerce.mecys.genericutility.basetest.BaseClass" name="@AfterMethod configAM" time="-1.743743143243E9">
    <skipped/>
  </testcase> <!-- @AfterMethod configAM -->
  <testcase classname="ecommerce.mecys.genericutility.basetest.BaseClass" name="@AfterClass configAC" time="-1.743743143246E9">
    <skipped/>
  </testcase> <!-- @AfterClass configAC -->
  <testcase classname="ecommerce.mecys.genericutility.basetest.BaseClass" name="@BeforeClass configBC" time="3.212">
    <failure type="java.io.FileNotFoundException" message="D:\Selenium_Workspace\fashion\src\main\resources\commandata.properties (The system cannot find the path specified)">
      <![CDATA[java.io.FileNotFoundException: D:\Selenium_Workspace\fashion\src\main\resources\commandata.properties (The system cannot find the path specified)
at java.base/java.io.FileInputStream.open0(Native Method)
at java.base/java.io.FileInputStream.open(FileInputStream.java:213)
at java.base/java.io.FileInputStream.<init>(FileInputStream.java:152)
at java.base/java.io.FileInputStream.<init>(FileInputStream.java:106)
at ecommerce.mecys.genericutility.fileutility.FileUtility.getDataFromPropertiesFile(FileUtility.java:9)
at ecommerce.mecys.genericutility.basetest.BaseClass.configBC(BaseClass.java:63)
at java.base/java.util.ArrayList.forEach(ArrayList.java:1596)
at java.base/java.util.concurrent.FutureTask.run(FutureTask.java:317)
at java.base/java.util.concurrent.ThreadPoolExecutor.runWorker(ThreadPoolExecutor.java:1144)
at java.base/java.util.concurrent.ThreadPoolExecutor$Worker.run(ThreadPoolExecutor.java:642)
at java.base/java.lang.Thread.run(Thread.java:1583)
... Removed 14 stack frames]]>
    </failure>
  </testcase> <!-- @BeforeClass configBC -->
  <testcase classname="ecommerce.mecys.genericutility.basetest.BaseClass" name="@BeforeMethod configBM" time="-1.743743146462E9">
    <skipped/>
  </testcase> <!-- @BeforeMethod configBM -->
  <testcase classname="ecommerce.mecys.genericutility.basetest.BaseClass" name="@AfterMethod configAM" time="-1.743743146468E9">
    <skipped/>
  </testcase> <!-- @AfterMethod configAM -->
  <testcase classname="ecommerce.mecys.genericutility.basetest.BaseClass" name="@BeforeMethod configBM" time="-1.743743146472E9">
    <skipped/>
  </testcase> <!-- @BeforeMethod configBM -->
  <testcase classname="ecommerce.mecys.genericutility.basetest.BaseClass" name="@AfterMethod configAM" time="-1.743743146482E9">
    <skipped/>
  </testcase> <!-- @AfterMethod configAM -->
  <testcase classname="ecommerce.mecys.genericutility.basetest.BaseClass" name="@AfterClass configAC" time="-1.743743146486E9">
    <skipped/>
  </testcase> <!-- @AfterClass configAC -->
  <testcase classname="ecommerce.mecys.automation.integrationtest.EcommerceIntegrationTest" name="cartItemFlowToCheckoutTest" time="0.0">
    <skipped/>
  </testcase> <!-- cartItemFlowToCheckoutTest -->
  <testcase classname="ecommerce.mecys.automation.integrationtest.EcommerceIntegrationTest" name="searchAndVerifyProductPageTest" time="0.0">
    <skipped/>
  </testcase> <!-- searchAndVerifyProductPageTest -->
  <testcase classname="ecommerce.mecys.automation.endtoend.EcommerceEndToEndTest" name="endToEndShippingAndBillingAddressTest" time="0.0">
    <skipped/>
  </testcase> <!-- endToEndShippingAndBillingAddressTest -->
  <testcase classname="ecommerce.mecys.automation.endtoend.EcommerceEndToEndTest" name="endToEndShoppingFlowTest" time="0.0">
    <skipped/>
  </testcase> <!-- endToEndShoppingFlowTest -->
  <testcase classname="ecommerce.mecys.automation.endtoend.EcommerceEndToEndTest" name="endToEndShoppingMultipleProductsFlowTest" time="0.0">
    <skipped/>
  </testcase> <!-- endToEndShoppingMultipleProductsFlowTest -->
  <testcase classname="ecommerce.mecys.automation.endtoend.EcommerceEndToEndTest" name="endToEndUpdateQuantityTest" time="0.0">
    <skipped/>
  </testcase> <!-- endToEndUpdateQuantityTest -->
  <testcase classname="ecommerce.mecys.automation.smoketest.EcommerceSmokeTest" name="verifyHomepageLoadTest" time="0.0">
    <skipped/>
  </testcase> <!-- verifyHomepageLoadTest -->
  <testcase classname="ecommerce.mecys.automation.smoketest.EcommerceSmokeTest" name="verifyLoginFunctionalityTest" time="0.0">
    <skipped/>
  </testcase> <!-- verifyLoginFunctionalityTest -->
  <testcase classname="ecommerce.mecys.genericutility.basetest.BaseClass" name="@AfterSuite configAS" time="0.0">
    <ignored/>
  </testcase> <!-- @AfterSuite configAS -->
  <testcase classname="ecommerce.mecys.genericutility.basetest.BaseClass" name="@AfterSuite configAS" time="0.0">
    <ignored/>
  </testcase> <!-- @AfterSuite configAS -->
  <testcase classname="ecommerce.mecys.genericutility.basetest.BaseClass" name="@BeforeSuite configBS" time="0.0">
    <ignored/>
  </testcase> <!-- @BeforeSuite configBS -->
  <testcase classname="ecommerce.mecys.genericutility.basetest.BaseClass" name="@BeforeSuite configBS" time="0.0">
    <ignored/>
  </testcase> <!-- @BeforeSuite configBS -->
</testsuite> <!-- Test1 -->
