<?xml version="1.0" encoding="UTF-8"?>
<!-- Generated by org.testng.reporters.JUnitReportReporter -->
<testsuite hostname="DESKTOP-2V6V6GU" failures="0" tests="15" name="ecommerce.mecys.automation.endtoend.EcommerceEndToEndTest" time="13.383" errors="3" timestamp="2025-04-04T10:37:06 IST" skipped="12">
  <testcase classname="ecommerce.mecys.automation.endtoend.EcommerceEndToEndTest" name="endToEndShoppingFlowTest" time="0.000">
    <skipped/>
  </testcase> <!-- endToEndShoppingFlowTest -->
  <system-out/>
  <testcase classname="ecommerce.mecys.automation.endtoend.EcommerceEndToEndTest" name="configBC" time="1.050">
    <error message="D:\Selenium_Workspace\fashion\src\main\resources\commandata.properties (The system cannot find the path specified)" type="java.io.FileNotFoundException">
      <![CDATA[java.io.FileNotFoundException: D:\Selenium_Workspace\fashion\src\main\resources\commandata.properties (The system cannot find the path specified)
at java.base/java.io.FileInputStream.open0(Native Method)
at java.base/java.io.FileInputStream.open(FileInputStream.java:213)
at java.base/java.io.FileInputStream.<init>(FileInputStream.java:152)
at java.base/java.io.FileInputStream.<init>(FileInputStream.java:106)
at ecommerce.mecys.genericutility.fileutility.FileUtility.getDataFromPropertiesFile(FileUtility.java:9)
at ecommerce.mecys.genericutility.basetest.BaseClass.configBC(BaseClass.java:63)
at java.base/jdk.internal.reflect.DirectMethodHandleAccessor.invoke(DirectMethodHandleAccessor.java:103)
at java.base/java.lang.reflect.Method.invoke(Method.java:580)
at org.testng.internal.MethodInvocationHelper.invokeMethod(MethodInvocationHelper.java:133)
at org.testng.internal.MethodInvocationHelper.invokeMethodConsideringTimeout(MethodInvocationHelper.java:62)
at org.testng.internal.ConfigInvoker.invokeConfigurationMethod(ConfigInvoker.java:385)
at org.testng.internal.ConfigInvoker.invokeConfigurations(ConfigInvoker.java:321)
at org.testng.internal.TestMethodWorker.invokeBeforeClassMethods(TestMethodWorker.java:176)
at org.testng.internal.TestMethodWorker.run(TestMethodWorker.java:122)
at java.base/java.util.ArrayList.forEach(ArrayList.java:1596)
at org.testng.TestRunner.privateRun(TestRunner.java:794)
at org.testng.TestRunner.run(TestRunner.java:596)
at org.testng.SuiteRunner.runTest(SuiteRunner.java:377)
at org.testng.SuiteRunner.access$000(SuiteRunner.java:28)
at org.testng.SuiteRunner$SuiteWorker.run(SuiteRunner.java:418)
at org.testng.internal.thread.ThreadUtil.lambda$execute$0(ThreadUtil.java:64)
at java.base/java.util.concurrent.FutureTask.run(FutureTask.java:317)
at java.base/java.util.concurrent.ThreadPoolExecutor.runWorker(ThreadPoolExecutor.java:1144)
at java.base/java.util.concurrent.ThreadPoolExecutor$Worker.run(ThreadPoolExecutor.java:642)
at java.base/java.lang.Thread.run(Thread.java:1583)
]]>
    </error>
  </testcase> <!-- configBC -->
  <system-out/>
  <testcase classname="ecommerce.mecys.automation.endtoend.EcommerceEndToEndTest" name="endToEndShippingAndBillingAddressTest" time="0.000">
    <skipped/>
  </testcase> <!-- endToEndShippingAndBillingAddressTest -->
  <system-out/>
  <testcase classname="ecommerce.mecys.automation.endtoend.EcommerceEndToEndTest" name="configBC" time="4.858">
    <error message="D:\Selenium_Workspace\fashion\src\main\resources\commandata.properties (The system cannot find the path specified)" type="java.io.FileNotFoundException">
      <![CDATA[java.io.FileNotFoundException: D:\Selenium_Workspace\fashion\src\main\resources\commandata.properties (The system cannot find the path specified)
at java.base/java.io.FileInputStream.open0(Native Method)
at java.base/java.io.FileInputStream.open(FileInputStream.java:213)
at java.base/java.io.FileInputStream.<init>(FileInputStream.java:152)
at java.base/java.io.FileInputStream.<init>(FileInputStream.java:106)
at ecommerce.mecys.genericutility.fileutility.FileUtility.getDataFromPropertiesFile(FileUtility.java:9)
at ecommerce.mecys.genericutility.basetest.BaseClass.configBC(BaseClass.java:63)
at java.base/jdk.internal.reflect.DirectMethodHandleAccessor.invoke(DirectMethodHandleAccessor.java:103)
at java.base/java.lang.reflect.Method.invoke(Method.java:580)
at org.testng.internal.MethodInvocationHelper.invokeMethod(MethodInvocationHelper.java:133)
at org.testng.internal.MethodInvocationHelper.invokeMethodConsideringTimeout(MethodInvocationHelper.java:62)
at org.testng.internal.ConfigInvoker.invokeConfigurationMethod(ConfigInvoker.java:385)
at org.testng.internal.ConfigInvoker.invokeConfigurations(ConfigInvoker.java:321)
at org.testng.internal.TestMethodWorker.invokeBeforeClassMethods(TestMethodWorker.java:176)
at org.testng.internal.TestMethodWorker.run(TestMethodWorker.java:122)
at java.base/java.util.ArrayList.forEach(ArrayList.java:1596)
at org.testng.TestRunner.privateRun(TestRunner.java:794)
at org.testng.TestRunner.run(TestRunner.java:596)
at org.testng.SuiteRunner.runTest(SuiteRunner.java:377)
at org.testng.SuiteRunner.access$000(SuiteRunner.java:28)
at org.testng.SuiteRunner$SuiteWorker.run(SuiteRunner.java:418)
at org.testng.internal.thread.ThreadUtil.lambda$execute$0(ThreadUtil.java:64)
at java.base/java.util.concurrent.FutureTask.run(FutureTask.java:317)
at java.base/java.util.concurrent.ThreadPoolExecutor.runWorker(ThreadPoolExecutor.java:1144)
at java.base/java.util.concurrent.ThreadPoolExecutor$Worker.run(ThreadPoolExecutor.java:642)
at java.base/java.lang.Thread.run(Thread.java:1583)
]]>
    </error>
  </testcase> <!-- configBC -->
  <system-out/>
  <testcase classname="ecommerce.mecys.automation.endtoend.EcommerceEndToEndTest" name="configBC" time="7.475">
    <error message="D:\Selenium_Workspace\fashion\src\main\resources\commandata.properties (The system cannot find the path specified)" type="java.io.FileNotFoundException">
      <![CDATA[java.io.FileNotFoundException: D:\Selenium_Workspace\fashion\src\main\resources\commandata.properties (The system cannot find the path specified)
at java.base/java.io.FileInputStream.open0(Native Method)
at java.base/java.io.FileInputStream.open(FileInputStream.java:213)
at java.base/java.io.FileInputStream.<init>(FileInputStream.java:152)
at java.base/java.io.FileInputStream.<init>(FileInputStream.java:106)
at ecommerce.mecys.genericutility.fileutility.FileUtility.getDataFromPropertiesFile(FileUtility.java:9)
at ecommerce.mecys.genericutility.basetest.BaseClass.configBC(BaseClass.java:63)
at java.base/jdk.internal.reflect.DirectMethodHandleAccessor.invoke(DirectMethodHandleAccessor.java:103)
at java.base/java.lang.reflect.Method.invoke(Method.java:580)
at org.testng.internal.MethodInvocationHelper.invokeMethod(MethodInvocationHelper.java:133)
at org.testng.internal.MethodInvocationHelper.invokeMethodConsideringTimeout(MethodInvocationHelper.java:62)
at org.testng.internal.ConfigInvoker.invokeConfigurationMethod(ConfigInvoker.java:385)
at org.testng.internal.ConfigInvoker.invokeConfigurations(ConfigInvoker.java:321)
at org.testng.internal.TestMethodWorker.invokeBeforeClassMethods(TestMethodWorker.java:176)
at org.testng.internal.TestMethodWorker.run(TestMethodWorker.java:122)
at java.base/java.util.ArrayList.forEach(ArrayList.java:1596)
at org.testng.TestRunner.privateRun(TestRunner.java:794)
at org.testng.TestRunner.run(TestRunner.java:596)
at org.testng.SuiteRunner.runTest(SuiteRunner.java:377)
at org.testng.SuiteRunner.access$000(SuiteRunner.java:28)
at org.testng.SuiteRunner$SuiteWorker.run(SuiteRunner.java:418)
at org.testng.internal.thread.ThreadUtil.lambda$execute$0(ThreadUtil.java:64)
at java.base/java.util.concurrent.FutureTask.run(FutureTask.java:317)
at java.base/java.util.concurrent.ThreadPoolExecutor.runWorker(ThreadPoolExecutor.java:1144)
at java.base/java.util.concurrent.ThreadPoolExecutor$Worker.run(ThreadPoolExecutor.java:642)
at java.base/java.lang.Thread.run(Thread.java:1583)
]]>
    </error>
  </testcase> <!-- configBC -->
  <system-out/>
  <testcase classname="ecommerce.mecys.automation.endtoend.EcommerceEndToEndTest" name="endToEndShippingAndBillingAddressTest" time="0.000">
    <skipped/>
  </testcase> <!-- endToEndShippingAndBillingAddressTest -->
  <system-out/>
  <testcase classname="ecommerce.mecys.automation.endtoend.EcommerceEndToEndTest" name="endToEndShoppingMultipleProductsFlowTest" time="0.000">
    <skipped/>
  </testcase> <!-- endToEndShoppingMultipleProductsFlowTest -->
  <system-out/>
  <testcase classname="ecommerce.mecys.automation.endtoend.EcommerceEndToEndTest" name="endToEndUpdateQuantityTest" time="0.000">
    <skipped/>
  </testcase> <!-- endToEndUpdateQuantityTest -->
  <system-out/>
  <testcase classname="ecommerce.mecys.automation.endtoend.EcommerceEndToEndTest" name="endToEndShoppingFlowTest" time="0.000">
    <skipped/>
  </testcase> <!-- endToEndShoppingFlowTest -->
  <system-out/>
  <testcase classname="ecommerce.mecys.automation.endtoend.EcommerceEndToEndTest" name="endToEndShoppingFlowTest" time="0.000">
    <skipped/>
  </testcase> <!-- endToEndShoppingFlowTest -->
  <system-out/>
  <testcase classname="ecommerce.mecys.automation.endtoend.EcommerceEndToEndTest" name="endToEndShippingAndBillingAddressTest" time="0.000">
    <skipped/>
  </testcase> <!-- endToEndShippingAndBillingAddressTest -->
  <system-out/>
  <testcase classname="ecommerce.mecys.automation.endtoend.EcommerceEndToEndTest" name="endToEndShoppingMultipleProductsFlowTest" time="0.000">
    <skipped/>
  </testcase> <!-- endToEndShoppingMultipleProductsFlowTest -->
  <system-out/>
  <testcase classname="ecommerce.mecys.automation.endtoend.EcommerceEndToEndTest" name="endToEndShoppingMultipleProductsFlowTest" time="0.000">
    <skipped/>
  </testcase> <!-- endToEndShoppingMultipleProductsFlowTest -->
  <system-out/>
  <testcase classname="ecommerce.mecys.automation.endtoend.EcommerceEndToEndTest" name="endToEndUpdateQuantityTest" time="0.000">
    <skipped/>
  </testcase> <!-- endToEndUpdateQuantityTest -->
  <system-out/>
  <testcase classname="ecommerce.mecys.automation.endtoend.EcommerceEndToEndTest" name="endToEndUpdateQuantityTest" time="0.000">
    <skipped/>
  </testcase> <!-- endToEndUpdateQuantityTest -->
  <system-out/>
</testsuite> <!-- ecommerce.mecys.automation.endtoend.EcommerceEndToEndTest -->
